random,0.01,388
random,0.01,388
random,0.01,86
random,0.01,89
random,0.01,339
random,0.01,33
random,0.01,67
random,0.01,169
random,0.01,374
random,0.01,33
random,0.01,86
random,0.01,101
random,0.01,393
random,0.01,33
random,0.01,33
random,0.01,33
random,0.01,33
random,0.01,33
random,0.01,67
random,0.01,169
random,0.01,33
random,0.01,67
random,0.01,169
random,0.01,374
random,0.01,33
random,0.01,33
random,0.01,67
random,0.01,169
random,0.01,374
random,0.01,1045
random,0.01,1943
random,0.01,1999
random,0.01,1554
random,0.01,408
random,0.01,1878
random,0.01,1999
random,0.01,1824
random,0.01,1046
random,0.01,1999
random,0.01,1999
random,0.01,1585
random,0.01,1038
random,0.01,1999
random,0.01,1999
random,0.01,1999
random,0.01,998
random,0.01,1948
random,0.01,1802
random,0.01,825
random,0.01,1174
random,0.01,1999
random,0.01,1987
random,0.01,1081
random,0.01,1194
random,0.01,1950
random,0.01,1998
random,0.01,1310
random,0.01,1977
random,0.01,1923
random,0.01,1964
random,0.01,1965
random,0.01,1709
random,0.01,1998
random,0.01,1995
random,0.01,1999
random,0.01,1697
random,0.01,1993
random,0.01,1999
random,0.01,623
random,0.01,1980
random,0.01,1999
random,0.01,1998
random,0.01,1855
random,0.01,1881
random,0.01,1990
random,0.01,1303
random,0.01,1688
