[2025-12-21 12:50:35.855061] Job started.
[2025-12-21 12:50:35.856360] ==== Configuration Summary ====
Base Path:             /home/ADV_2526a/tslilshani/interp_project_snmf
Save Path:             /home/ADV_2526a/tslilshani/interp_project_snmf/experiments/artifacts
Data Path:             /home/ADV_2526a/tslilshani/interp_project_snmf/data/final_dataset_20_concepts.json
Model Name:            gpt2-small
Layers to Inspect:     [0]
Ranks:                 [50]
Sparsity:              0.01
Factorization Mode:    mlp
Model Device:          cuda
Data Device:           cpu
Fitting Device:        cuda
Max Iters / Layer:     2000
Patience:              1500
Overwrite Existing:    False
Seed:                  42
===============================
[2025-12-21 12:50:35.856443] Initializing ActivationGenerator with model 'gpt2-small'
Loaded pretrained model gpt2-small into HookedTransformer
[2025-12-21 12:50:56.561953] Loading dataset from '/home/ADV_2526a/tslilshani/interp_project_snmf/data/final_dataset_20_concepts.json'
[2025-12-21 12:50:56.614696] Generating activations (and frequencies) for requested layers...
[2025-12-21 12:51:02.375068] Processing layer 0
[2025-12-21 12:51:02.640496] File exists, skipping: /home/ADV_2526a/tslilshani/interp_project_snmf/experiments/artifacts/0/50/nmf-l0-r50.pkl
[2025-12-21 12:51:02.640627] All computations done.
[2025-12-21 12:51:42.747843] Job started.
[2025-12-21 12:51:42.748175] Models dir: /home/ADV_2526a/tslilshani/interp_project_snmf/experiments/artifacts
[2025-12-21 12:51:42.748243] Output JSON: /home/ADV_2526a/tslilshani/interp_project_snmf/experiments/results/concept_contexts.json
[2025-12-21 12:51:42.748297] Data path: /home/ADV_2526a/tslilshani/interp_project_snmf/data/final_dataset_20_concepts.json
[2025-12-21 12:51:42.748373] Init ActivationGenerator gpt2-small [mlp] on cuda
Loaded pretrained model gpt2-small into HookedTransformer
[2025-12-21 12:51:55.335706] Loading NMF model → layer 0, rank 50: /home/ADV_2526a/tslilshani/interp_project_snmf/experiments/artifacts/0/50/nmf-l0-r50.pkl
[2025-12-21 12:51:56.095023] Done.
Running over 50 tasks …
[2025-12-21 12:52:38.005095] Job started. device=cuda
Loaded pretrained model gpt2-small into HookedTransformer
[2025-12-21 12:52:41.103249] Starting rank 50...
[2025-12-21 12:52:41.123631] Loaded NMF model for layer 0, rank 50
[2025-12-21 12:52:43.633290] Finished Processing layer: 0, rank: 50
[2025-12-21 12:52:43.681940] Wrote: experiments/results/vocab_proj.json
[2025-12-21 12:52:43.682067] Job finished.
Processing 100 entries…
[→] Generating for K=50 layer=0 row=20…
[→] Generating for K=50 layer=0 row=44…
[→] Generating for K=50 layer=0 row=9…
[→] Generating for K=50 layer=0 row=33…
[→] Generating for K=50 layer=0 row=21…
[→] Generating for K=50 layer=0 row=45…
[→] Generating for K=50 layer=0 row=9…
[→] Generating for K=50 layer=0 row=33…
[→] Generating for K=50 layer=0 row=21…
[→] Generating for K=50 layer=0 row=45…
[→] Generating for K=50 layer=0 row=10…
[→] Generating for K=50 layer=0 row=34…
[→] Generating for K=50 layer=0 row=22…
[→] Generating for K=50 layer=0 row=46…
[→] Generating for K=50 layer=0 row=10…
[→] Generating for K=50 layer=0 row=34…
[→] Generating for K=50 layer=0 row=22…
[→] Generating for K=50 layer=0 row=46…
[→] Generating for K=50 layer=0 row=11…
[→] Generating for K=50 layer=0 row=35…
[→] Generating for K=50 layer=0 row=23…
[→] Generating for K=50 layer=0 row=47…
[→] Generating for K=50 layer=0 row=35…
[→] Generating for K=50 layer=0 row=11…
[→] Generating for K=50 layer=0 row=0…
[→] Generating for K=50 layer=0 row=23…
[→] Generating for K=50 layer=0 row=47…
[→] Generating for K=50 layer=0 row=12…
[→] Generating for K=50 layer=0 row=36…
[→] Generating for K=50 layer=0 row=24…
[→] Generating for K=50 layer=0 row=48…
[→] Generating for K=50 layer=0 row=12…
[→] Generating for K=50 layer=0 row=36…
[→] Generating for K=50 layer=0 row=0…
[→] Generating for K=50 layer=0 row=24…
[→] Generating for K=50 layer=0 row=48…
[→] Generating for K=50 layer=0 row=13…
[→] Generating for K=50 layer=0 row=37…
[→] Generating for K=50 layer=0 row=1…
[→] Generating for K=50 layer=0 row=25…
[→] Generating for K=50 layer=0 row=49…
[→] Generating for K=50 layer=0 row=13…
[→] Generating for K=50 layer=0 row=37…
[→] Generating for K=50 layer=0 row=1…
[→] Generating for K=50 layer=0 row=25…
[→] Generating for K=50 layer=0 row=49…
[→] Generating for K=50 layer=0 row=14…
[→] Generating for K=50 layer=0 row=38…
[→] Generating for K=50 layer=0 row=2…
[→] Generating for K=50 layer=0 row=26…
[→] Generating for K=50 layer=0 row=14…
[→] Generating for K=50 layer=0 row=38…
[→] Generating for K=50 layer=0 row=2…
[→] Generating for K=50 layer=0 row=26…
[→] Generating for K=50 layer=0 row=15…
[→] Generating for K=50 layer=0 row=39…
[→] Generating for K=50 layer=0 row=3…
[→] Generating for K=50 layer=0 row=27…
[→] Generating for K=50 layer=0 row=15…
[→] Generating for K=50 layer=0 row=39…
[→] Generating for K=50 layer=0 row=3…
[→] Generating for K=50 layer=0 row=27…
[→] Generating for K=50 layer=0 row=16…
[→] Generating for K=50 layer=0 row=40…
[→] Generating for K=50 layer=0 row=4…
[→] Generating for K=50 layer=0 row=28…
[→] Generating for K=50 layer=0 row=16…
[→] Generating for K=50 layer=0 row=40…
[→] Generating for K=50 layer=0 row=4…
[→] Generating for K=50 layer=0 row=28…
[→] Generating for K=50 layer=0 row=17…
[→] Generating for K=50 layer=0 row=41…
[→] Generating for K=50 layer=0 row=5…
[→] Generating for K=50 layer=0 row=29…
[→] Generating for K=50 layer=0 row=17…
[→] Generating for K=50 layer=0 row=41…
[→] Generating for K=50 layer=0 row=29…
[→] Generating for K=50 layer=0 row=5…
[→] Generating for K=50 layer=0 row=18…
[→] Generating for K=50 layer=0 row=42…
[→] Generating for K=50 layer=0 row=6…
[→] Generating for K=50 layer=0 row=30…
[→] Generating for K=50 layer=0 row=8…
[→] Generating for K=50 layer=0 row=18…
[→] Generating for K=50 layer=0 row=42…
[→] Generating for K=50 layer=0 row=6…
[→] Generating for K=50 layer=0 row=30…
[→] Generating for K=50 layer=0 row=19…
[→] Generating for K=50 layer=0 row=43…
[→] Generating for K=50 layer=0 row=7…
[→] Generating for K=50 layer=0 row=31…
[→] Generating for K=50 layer=0 row=19…
[→] Generating for K=50 layer=0 row=43…
[→] Generating for K=50 layer=0 row=7…
[→] Generating for K=50 layer=0 row=31…
[→] Generating for K=50 layer=0 row=20…
[→] Generating for K=50 layer=0 row=44…
[→] Generating for K=50 layer=0 row=8…
[→] Generating for K=50 layer=0 row=32…
[→] Generating for K=50 layer=0 row=32…
  ⚠ Sample exception: RetryError[<Future at 0x7c05a02ded10 state=finished raised AuthenticationError>]
  ⚠ Sample exception: RetryError[<Future at 0x7c05a04002d0 state=finished raised AuthenticationError>]
  ⚠ Sample exception: RetryError[<Future at 0x7c05a03c3350 state=finished raised AuthenticationError>]
  ⚠ Sample exception: RetryError[<Future at 0x7c05a03ecb90 state=finished raised AuthenticationError>]
  ⚠ Sample exception: RetryError[<Future at 0x7c05a03ea050 state=finished raised AuthenticationError>]
  ⚠ Sample exception: RetryError[<Future at 0x7c05a160f810 state=finished raised AuthenticationError>]
  ⚠ Sample exception: RetryError[<Future at 0x7c05a02d01d0 state=finished raised AuthenticationError>]
  ⚠ Sample exception: RetryError[<Future at 0x7c05a044ae10 state=finished raised AuthenticationError>]
  ⚠ Sample exception: RetryError[<Future at 0x7c05a0426350 state=finished raised AuthenticationError>]
  ⚠ Sample exception: RetryError[<Future at 0x7c05a02ae990 state=finished raised AuthenticationError>]
  ⚠ Sample exception: RetryError[<Future at 0x7c05a046b090 state=finished raised AuthenticationError>]
  ⚠ Sample exception: RetryError[<Future at 0x7c05a02dcc10 state=finished raised AuthenticationError>]
  ⚠ Sample exception: RetryError[<Future at 0x7c05a0484f10 state=finished raised AuthenticationError>]
  ⚠ Sample exception: RetryError[<Future at 0x7c05a059ae50 state=finished raised AuthenticationError>]
  ⚠ Sample exception: RetryError[<Future at 0x7c05a058ff50 state=finished raised AuthenticationError>]
  ⚠ Sample exception: RetryError[<Future at 0x7c05a04246d0 state=finished raised AuthenticationError>]
  ⚠ Sample exception: RetryError[<Future at 0x7c05a0407310 state=finished raised AuthenticationError>]
  ⚠ Sample exception: RetryError[<Future at 0x7c05a042d250 state=finished raised AuthenticationError>]
  ⚠ Sample exception: RetryError[<Future at 0x7c05a042ff90 state=finished raised AuthenticationError>]
  ⚠ Sample exception: RetryError[<Future at 0x7c05a0576a10 state=finished raised AuthenticationError>]
  ⚠ Sample exception: RetryError[<Future at 0x7c05a044d550 state=finished raised AuthenticationError>]
  ⚠ Sample exception: RetryError[<Future at 0x7c05a03eea90 state=finished raised AuthenticationError>]
  ⚠ Sample exception: RetryError[<Future at 0x7c05a059ae90 state=finished raised AuthenticationError>]
  ⚠ Sample exception: RetryError[<Future at 0x7c05a03f4fd0 state=finished raised AuthenticationError>]
  ⚠ Sample exception: RetryError[<Future at 0x7c05a0452b10 state=finished raised AuthenticationError>]
  ⚠ Sample exception: RetryError[<Future at 0x7c05a02d3f90 state=finished raised AuthenticationError>]
  ⚠ Sample exception: RetryError[<Future at 0x7c05a0564ad0 state=finished raised AuthenticationError>]
  ⚠ Sample exception: RetryError[<Future at 0x7c05a03b4bd0 state=finished raised AuthenticationError>]
  ⚠ Sample exception: RetryError[<Future at 0x7c05a0414a50 state=finished raised AuthenticationError>]
  ⚠ Sample exception: RetryError[<Future at 0x7c05a0417410 state=finished raised AuthenticationError>]
  ⚠ Sample exception: RetryError[<Future at 0x7c05a02c5710 state=finished raised AuthenticationError>]
  ⚠ Sample exception: RetryError[<Future at 0x7c05a02c7990 state=finished raised AuthenticationError>]
  ⚠ Sample exception: RetryError[<Future at 0x7c05a15cc350 state=finished raised AuthenticationError>]
  ⚠ Sample exception: RetryError[<Future at 0x7c05a0595c50 state=finished raised AuthenticationError>]
  ⚠ Sample exception: RetryError[<Future at 0x7c05a1618d90 state=finished raised AuthenticationError>]
  ⚠ Sample exception: RetryError[<Future at 0x7c05a05afb50 state=finished raised AuthenticationError>]
  ⚠ Sample exception: RetryError[<Future at 0x7c05a05ac6d0 state=finished raised AuthenticationError>]
  ⚠ Sample exception: RetryError[<Future at 0x7c05a05af250 state=finished raised AuthenticationError>]
  ⚠ Sample exception: RetryError[<Future at 0x7c05a055a250 state=finished raised AuthenticationError>]
  ⚠ Sample exception: RetryError[<Future at 0x7c05a03df7d0 state=finished raised AuthenticationError>]
  ⚠ Sample exception: RetryError[<Future at 0x7c05a03dd0d0 state=finished raised AuthenticationError>]
  ⚠ Sample exception: RetryError[<Future at 0x7c05a029d410 state=finished raised AuthenticationError>]
  ⚠ Sample exception: RetryError[<Future at 0x7c05a02a6e50 state=finished raised AuthenticationError>]
  ⚠ Sample exception: RetryError[<Future at 0x7c05a02a6bd0 state=finished raised AuthenticationError>]
  ⚠ Sample exception: RetryError[<Future at 0x7c05a02a7dd0 state=finished raised AuthenticationError>]
  ⚠ Sample exception: RetryError[<Future at 0x7c05a02ec510 state=finished raised AuthenticationError>]
  ⚠ Sample exception: RetryError[<Future at 0x7c05a02ed050 state=finished raised AuthenticationError>]
  ⚠ Sample exception: RetryError[<Future at 0x7c05a02ed650 state=finished raised AuthenticationError>]
  ⚠ Sample exception: RetryError[<Future at 0x7c05a02ee250 state=finished raised AuthenticationError>]
  ⚠ Sample exception: RetryError[<Future at 0x7c05a02f1590 state=finished raised AuthenticationError>]
  ⚠ Sample exception: RetryError[<Future at 0x7c05a02f1c90 state=finished raised AuthenticationError>]
  ⚠ Sample exception: RetryError[<Future at 0x7c05a02f91d0 state=finished raised AuthenticationError>]
  ⚠ Sample exception: RetryError[<Future at 0x7c05a02fa210 state=finished raised AuthenticationError>]
  ⚠ Sample exception: RetryError[<Future at 0x7c05a030e110 state=finished raised AuthenticationError>]
  ⚠ Sample exception: RetryError[<Future at 0x7c05a030e890 state=finished raised AuthenticationError>]
  ⚠ Sample exception: RetryError[<Future at 0x7c05a031abd0 state=finished raised AuthenticationError>]
  ⚠ Sample exception: RetryError[<Future at 0x7c05a031b250 state=finished raised AuthenticationError>]
  ⚠ Sample exception: RetryError[<Future at 0x7c05a0322510 state=finished raised AuthenticationError>]
  ⚠ Sample exception: RetryError[<Future at 0x7c05a032f590 state=finished raised AuthenticationError>]
  ⚠ Sample exception: RetryError[<Future at 0x7c05a0330f10 state=finished raised AuthenticationError>]
  ⚠ Sample exception: RetryError[<Future at 0x7c05a031a350 state=finished raised AuthenticationError>]
  ⚠ Sample exception: RetryError[<Future at 0x7c05a0348a10 state=finished raised AuthenticationError>]
  ⚠ Sample exception: RetryError[<Future at 0x7c05a0349610 state=finished raised AuthenticationError>]
  ⚠ Sample exception: RetryError[<Future at 0x7c05a0358090 state=finished raised AuthenticationError>]
  ⚠ Sample exception: RetryError[<Future at 0x7c05a0358c90 state=finished raised AuthenticationError>]
  ⚠ Sample exception: RetryError[<Future at 0x7c05a035bb50 state=finished raised AuthenticationError>]
  ⚠ Sample exception: RetryError[<Future at 0x7c05a0405410 state=finished raised AuthenticationError>]
  ⚠ Sample exception: RetryError[<Future at 0x7c05a0361a10 state=finished raised AuthenticationError>]
  ⚠ Sample exception: RetryError[<Future at 0x7c05a0362490 state=finished raised AuthenticationError>]
  ⚠ Sample exception: RetryError[<Future at 0x7c05a034be90 state=finished raised AuthenticationError>]
  ⚠ Sample exception: RetryError[<Future at 0x7c05a036b110 state=finished raised AuthenticationError>]
  ⚠ Sample exception: RetryError[<Future at 0x7c05a0368390 state=finished raised AuthenticationError>]
  ⚠ Sample exception: RetryError[<Future at 0x7c05a0185390 state=finished raised AuthenticationError>]
  ⚠ Sample exception: RetryError[<Future at 0x7c05a0185690 state=finished raised AuthenticationError>]
  ⚠ Sample exception: RetryError[<Future at 0x7c05a0188bd0 state=finished raised AuthenticationError>]
  ⚠ Sample exception: RetryError[<Future at 0x7c05a01897d0 state=finished raised AuthenticationError>]
  ⚠ Sample exception: RetryError[<Future at 0x7c05a018a850 state=finished raised AuthenticationError>]
  ⚠ Sample exception: RetryError[<Future at 0x7c05a018b310 state=finished raised AuthenticationError>]
  ⚠ Sample exception: RetryError[<Future at 0x7c05a0196290 state=finished raised AuthenticationError>]
  ⚠ Sample exception: RetryError[<Future at 0x7c05a049a950 state=finished raised AuthenticationError>]
  ⚠ Sample exception: RetryError[<Future at 0x7c05a01a1a10 state=finished raised AuthenticationError>]
  ⚠ Sample exception: RetryError[<Future at 0x7c05a01a1d50 state=finished raised AuthenticationError>]
  ⚠ Sample exception: RetryError[<Future at 0x7c05a01a22d0 state=finished raised AuthenticationError>]
  ⚠ Sample exception: RetryError[<Future at 0x7c05a01b8790 state=finished raised AuthenticationError>]
  ⚠ Sample exception: RetryError[<Future at 0x7c05a01b8e10 state=finished raised AuthenticationError>]
  ⚠ Sample exception: RetryError[<Future at 0x7c05a01ba450 state=finished raised AuthenticationError>]
  ⚠ Sample exception: RetryError[<Future at 0x7c05a01c5910 state=finished raised AuthenticationError>]
  ⚠ Sample exception: RetryError[<Future at 0x7c05a160bb90 state=finished raised AuthenticationError>]
  ⚠ Sample exception: RetryError[<Future at 0x7c05a01d7b10 state=finished raised AuthenticationError>]
  ⚠ Sample exception: RetryError[<Future at 0x7c05a01d7c90 state=finished raised AuthenticationError>]
  ⚠ Sample exception: RetryError[<Future at 0x7c05a01e0cd0 state=finished raised AuthenticationError>]
  ⚠ Sample exception: RetryError[<Future at 0x7c05a01e2c50 state=finished raised AuthenticationError>]
  ⚠ Sample exception: RetryError[<Future at 0x7c05a01e3410 state=finished raised AuthenticationError>]
  ⚠ Sample exception: RetryError[<Future at 0x7c05a01d6d90 state=finished raised AuthenticationError>]
  ⚠ Sample exception: RetryError[<Future at 0x7c05a01ee950 state=finished raised AuthenticationError>]
  ⚠ Sample exception: RetryError[<Future at 0x7c05a01f90d0 state=finished raised AuthenticationError>]
  ⚠ Sample exception: RetryError[<Future at 0x7c05a01f9bd0 state=finished raised AuthenticationError>]
  ⚠ Sample exception: RetryError[<Future at 0x7c05a01fabd0 state=finished raised AuthenticationError>]
  ⚠ Sample exception: RetryError[<Future at 0x7c05a0202490 state=finished raised AuthenticationError>]
  ⚠ Sample exception: RetryError[<Future at 0x7c05a02089d0 state=finished raised AuthenticationError>]
Good: 0	Bad: 0
Device: cuda
[2025-12-21 12:53:17.302018] Loading model…
Loaded pretrained model gpt2-small into HookedTransformer
[2025-12-21 12:53:21.747607] 
--- Rank 50 ---
[2025-12-21 12:53:21.760028] Loaded NMF model for layer 0, rank 50
[2025-12-21 12:53:40.416155] Finished row: layer=0, h_row=0
[2025-12-21 12:53:57.802957] Finished row: layer=0, h_row=1
[2025-12-21 12:54:15.344606] Finished row: layer=0, h_row=2
[2025-12-21 12:54:32.827587] Finished row: layer=0, h_row=3
[2025-12-21 12:54:49.919370] Finished row: layer=0, h_row=4
[2025-12-21 12:55:07.728096] Finished row: layer=0, h_row=5
[2025-12-21 12:55:25.207818] Finished row: layer=0, h_row=6
[2025-12-21 12:55:42.690918] Finished row: layer=0, h_row=7
[2025-12-21 12:56:00.212896] Finished row: layer=0, h_row=8
[2025-12-21 12:56:17.715271] Finished row: layer=0, h_row=9
[2025-12-21 12:56:36.620762] Finished row: layer=0, h_row=10
[2025-12-21 12:56:54.807334] Finished row: layer=0, h_row=11
[2025-12-21 12:57:12.991437] Finished row: layer=0, h_row=12
[2025-12-21 12:57:30.661670] Finished row: layer=0, h_row=13
[2025-12-21 12:57:48.090557] Finished row: layer=0, h_row=14
[2025-12-21 12:58:05.526626] Finished row: layer=0, h_row=15
[2025-12-21 12:58:23.145007] Finished row: layer=0, h_row=16
[2025-12-21 12:58:41.312643] Finished row: layer=0, h_row=17
[2025-12-21 12:58:59.481093] Finished row: layer=0, h_row=18
[2025-12-21 12:59:15.267134] Finished row: layer=0, h_row=19
[2025-12-21 12:59:33.363364] Finished row: layer=0, h_row=20
[2025-12-21 12:59:51.534184] Finished row: layer=0, h_row=21
[2025-12-21 13:00:07.226621] Finished row: layer=0, h_row=22
[2025-12-21 13:00:24.956100] Finished row: layer=0, h_row=23
[2025-12-21 13:00:42.423267] Finished row: layer=0, h_row=24
[2025-12-21 13:00:59.855881] Finished row: layer=0, h_row=25
[2025-12-21 13:01:17.418786] Finished row: layer=0, h_row=26
[2025-12-21 13:01:40.864263] Finished row: layer=0, h_row=27
[2025-12-21 13:01:59.062488] Finished row: layer=0, h_row=28
[2025-12-21 13:02:17.159853] Finished row: layer=0, h_row=29
[2025-12-21 13:02:35.329916] Finished row: layer=0, h_row=30
[2025-12-21 13:02:51.409944] Finished row: layer=0, h_row=31
[2025-12-21 13:03:09.236207] Finished row: layer=0, h_row=32
[2025-12-21 13:03:27.413641] Finished row: layer=0, h_row=33
[2025-12-21 13:03:45.595152] Finished row: layer=0, h_row=34
[2025-12-21 13:04:03.775316] Finished row: layer=0, h_row=35
[2025-12-21 13:04:21.840011] Finished row: layer=0, h_row=36
[2025-12-21 13:04:39.312371] Finished row: layer=0, h_row=37
[2025-12-21 13:04:55.898684] Finished row: layer=0, h_row=38
[2025-12-21 13:05:14.149848] Finished row: layer=0, h_row=39
[2025-12-21 13:05:31.788761] Finished row: layer=0, h_row=40
[2025-12-21 13:05:49.255546] Finished row: layer=0, h_row=41
[2025-12-21 13:06:06.694731] Finished row: layer=0, h_row=42
[2025-12-21 13:06:24.351453] Finished row: layer=0, h_row=43
[2025-12-21 13:06:42.514937] Finished row: layer=0, h_row=44
[2025-12-21 13:07:00.702779] Finished row: layer=0, h_row=45
[2025-12-21 13:07:18.875014] Finished row: layer=0, h_row=46
[2025-12-21 13:07:37.055463] Finished row: layer=0, h_row=47
[2025-12-21 13:07:54.585130] Finished row: layer=0, h_row=48
[2025-12-21 13:08:12.036597] Finished row: layer=0, h_row=49
[2025-12-21 13:08:12.036935] Finished layer: 0, rank: 50
[2025-12-21 13:08:12.239448] Job finished.
Selected 700 entries (K in [50], layer in [0]).
Processing entry 1/700 (K=50, layer=0, h_row=0)
Warning: No concept for (50, 0, 0, 1)
Processing entry 2/700 (K=50, layer=0, h_row=0)
Warning: No concept for (50, 0, 0, -1)
Processing entry 3/700 (K=50, layer=0, h_row=0)
Warning: No concept for (50, 0, 0, 1)
Processing entry 4/700 (K=50, layer=0, h_row=0)
Warning: No concept for (50, 0, 0, -1)
Processing entry 5/700 (K=50, layer=0, h_row=0)
Warning: No concept for (50, 0, 0, 1)
Processing entry 6/700 (K=50, layer=0, h_row=0)
Warning: No concept for (50, 0, 0, -1)
Processing entry 7/700 (K=50, layer=0, h_row=0)
Warning: No concept for (50, 0, 0, 1)
Processing entry 8/700 (K=50, layer=0, h_row=0)
Warning: No concept for (50, 0, 0, -1)
Processing entry 9/700 (K=50, layer=0, h_row=0)
Warning: No concept for (50, 0, 0, 1)
Processing entry 10/700 (K=50, layer=0, h_row=0)
Warning: No concept for (50, 0, 0, -1)
Processing entry 11/700 (K=50, layer=0, h_row=0)
Warning: No concept for (50, 0, 0, 1)
Processing entry 12/700 (K=50, layer=0, h_row=0)
Warning: No concept for (50, 0, 0, -1)
Processing entry 13/700 (K=50, layer=0, h_row=0)
Warning: No concept for (50, 0, 0, 1)
Processing entry 14/700 (K=50, layer=0, h_row=0)
Warning: No concept for (50, 0, 0, -1)
Processing entry 15/700 (K=50, layer=0, h_row=1)
Warning: No concept for (50, 0, 1, 1)
Processing entry 16/700 (K=50, layer=0, h_row=1)
Warning: No concept for (50, 0, 1, -1)
Processing entry 17/700 (K=50, layer=0, h_row=1)
Warning: No concept for (50, 0, 1, 1)
Processing entry 18/700 (K=50, layer=0, h_row=1)
Warning: No concept for (50, 0, 1, -1)
Processing entry 19/700 (K=50, layer=0, h_row=1)
Warning: No concept for (50, 0, 1, 1)
Processing entry 20/700 (K=50, layer=0, h_row=1)
Warning: No concept for (50, 0, 1, -1)
Processing entry 21/700 (K=50, layer=0, h_row=1)
Warning: No concept for (50, 0, 1, 1)
Processing entry 22/700 (K=50, layer=0, h_row=1)
Warning: No concept for (50, 0, 1, -1)
Processing entry 23/700 (K=50, layer=0, h_row=1)
Warning: No concept for (50, 0, 1, 1)
Processing entry 24/700 (K=50, layer=0, h_row=1)
Warning: No concept for (50, 0, 1, -1)
Processing entry 25/700 (K=50, layer=0, h_row=1)
Warning: No concept for (50, 0, 1, 1)
Processing entry 26/700 (K=50, layer=0, h_row=1)
Warning: No concept for (50, 0, 1, -1)
Processing entry 27/700 (K=50, layer=0, h_row=1)
Warning: No concept for (50, 0, 1, 1)
Processing entry 28/700 (K=50, layer=0, h_row=1)
Warning: No concept for (50, 0, 1, -1)
Processing entry 29/700 (K=50, layer=0, h_row=2)
Warning: No concept for (50, 0, 2, 1)
Processing entry 30/700 (K=50, layer=0, h_row=2)
Warning: No concept for (50, 0, 2, -1)
Processing entry 31/700 (K=50, layer=0, h_row=2)
Warning: No concept for (50, 0, 2, 1)
Processing entry 32/700 (K=50, layer=0, h_row=2)
Warning: No concept for (50, 0, 2, -1)
Processing entry 33/700 (K=50, layer=0, h_row=2)
Warning: No concept for (50, 0, 2, 1)
Processing entry 34/700 (K=50, layer=0, h_row=2)
Warning: No concept for (50, 0, 2, -1)
Processing entry 35/700 (K=50, layer=0, h_row=2)
Warning: No concept for (50, 0, 2, 1)
Processing entry 36/700 (K=50, layer=0, h_row=2)
Warning: No concept for (50, 0, 2, -1)
Processing entry 37/700 (K=50, layer=0, h_row=2)
Warning: No concept for (50, 0, 2, 1)
Processing entry 38/700 (K=50, layer=0, h_row=2)
Warning: No concept for (50, 0, 2, -1)
Processing entry 39/700 (K=50, layer=0, h_row=2)
Warning: No concept for (50, 0, 2, 1)
Processing entry 40/700 (K=50, layer=0, h_row=2)
Warning: No concept for (50, 0, 2, -1)
Processing entry 41/700 (K=50, layer=0, h_row=2)
Warning: No concept for (50, 0, 2, 1)
Processing entry 42/700 (K=50, layer=0, h_row=2)
Warning: No concept for (50, 0, 2, -1)
Processing entry 43/700 (K=50, layer=0, h_row=3)
Warning: No concept for (50, 0, 3, 1)
Processing entry 44/700 (K=50, layer=0, h_row=3)
Warning: No concept for (50, 0, 3, -1)
Processing entry 45/700 (K=50, layer=0, h_row=3)
Warning: No concept for (50, 0, 3, 1)
Processing entry 46/700 (K=50, layer=0, h_row=3)
Warning: No concept for (50, 0, 3, -1)
Processing entry 47/700 (K=50, layer=0, h_row=3)
Warning: No concept for (50, 0, 3, 1)
Processing entry 48/700 (K=50, layer=0, h_row=3)
Warning: No concept for (50, 0, 3, -1)
Processing entry 49/700 (K=50, layer=0, h_row=3)
Warning: No concept for (50, 0, 3, 1)
Processing entry 50/700 (K=50, layer=0, h_row=3)
Warning: No concept for (50, 0, 3, -1)
Processing entry 51/700 (K=50, layer=0, h_row=3)
Warning: No concept for (50, 0, 3, 1)
Processing entry 52/700 (K=50, layer=0, h_row=3)
Warning: No concept for (50, 0, 3, -1)
Processing entry 53/700 (K=50, layer=0, h_row=3)
Warning: No concept for (50, 0, 3, 1)
Processing entry 54/700 (K=50, layer=0, h_row=3)
Warning: No concept for (50, 0, 3, -1)
Processing entry 55/700 (K=50, layer=0, h_row=3)
Warning: No concept for (50, 0, 3, 1)
Processing entry 56/700 (K=50, layer=0, h_row=3)
Warning: No concept for (50, 0, 3, -1)
Processing entry 57/700 (K=50, layer=0, h_row=4)
Warning: No concept for (50, 0, 4, 1)
Processing entry 58/700 (K=50, layer=0, h_row=4)
Warning: No concept for (50, 0, 4, -1)
Processing entry 59/700 (K=50, layer=0, h_row=4)
Warning: No concept for (50, 0, 4, 1)
Processing entry 60/700 (K=50, layer=0, h_row=4)
Warning: No concept for (50, 0, 4, -1)
Processing entry 61/700 (K=50, layer=0, h_row=4)
Warning: No concept for (50, 0, 4, 1)
Processing entry 62/700 (K=50, layer=0, h_row=4)
Warning: No concept for (50, 0, 4, -1)
Processing entry 63/700 (K=50, layer=0, h_row=4)
Warning: No concept for (50, 0, 4, 1)
Processing entry 64/700 (K=50, layer=0, h_row=4)
Warning: No concept for (50, 0, 4, -1)
Processing entry 65/700 (K=50, layer=0, h_row=4)
Warning: No concept for (50, 0, 4, 1)
Processing entry 66/700 (K=50, layer=0, h_row=4)
Warning: No concept for (50, 0, 4, -1)
Processing entry 67/700 (K=50, layer=0, h_row=4)
Warning: No concept for (50, 0, 4, 1)
Processing entry 68/700 (K=50, layer=0, h_row=4)
Warning: No concept for (50, 0, 4, -1)
Processing entry 69/700 (K=50, layer=0, h_row=4)
Warning: No concept for (50, 0, 4, 1)
Processing entry 70/700 (K=50, layer=0, h_row=4)
Warning: No concept for (50, 0, 4, -1)
Processing entry 71/700 (K=50, layer=0, h_row=5)
Warning: No concept for (50, 0, 5, 1)
Processing entry 72/700 (K=50, layer=0, h_row=5)
Warning: No concept for (50, 0, 5, -1)
Processing entry 73/700 (K=50, layer=0, h_row=5)
Warning: No concept for (50, 0, 5, 1)
Processing entry 74/700 (K=50, layer=0, h_row=5)
Warning: No concept for (50, 0, 5, -1)
Processing entry 75/700 (K=50, layer=0, h_row=5)
Warning: No concept for (50, 0, 5, 1)
Processing entry 76/700 (K=50, layer=0, h_row=5)
Warning: No concept for (50, 0, 5, -1)
Processing entry 77/700 (K=50, layer=0, h_row=5)
Warning: No concept for (50, 0, 5, 1)
Processing entry 78/700 (K=50, layer=0, h_row=5)
Warning: No concept for (50, 0, 5, -1)
Processing entry 79/700 (K=50, layer=0, h_row=5)
Warning: No concept for (50, 0, 5, 1)
Processing entry 80/700 (K=50, layer=0, h_row=5)
Warning: No concept for (50, 0, 5, -1)
Processing entry 81/700 (K=50, layer=0, h_row=5)
Warning: No concept for (50, 0, 5, 1)
Processing entry 82/700 (K=50, layer=0, h_row=5)
Warning: No concept for (50, 0, 5, -1)
Processing entry 83/700 (K=50, layer=0, h_row=5)
Warning: No concept for (50, 0, 5, 1)
Processing entry 84/700 (K=50, layer=0, h_row=5)
Warning: No concept for (50, 0, 5, -1)
Processing entry 85/700 (K=50, layer=0, h_row=6)
Warning: No concept for (50, 0, 6, 1)
Processing entry 86/700 (K=50, layer=0, h_row=6)
Warning: No concept for (50, 0, 6, -1)
Processing entry 87/700 (K=50, layer=0, h_row=6)
Warning: No concept for (50, 0, 6, 1)
Processing entry 88/700 (K=50, layer=0, h_row=6)
Warning: No concept for (50, 0, 6, -1)
Processing entry 89/700 (K=50, layer=0, h_row=6)
Warning: No concept for (50, 0, 6, 1)
Processing entry 90/700 (K=50, layer=0, h_row=6)
Warning: No concept for (50, 0, 6, -1)
Processing entry 91/700 (K=50, layer=0, h_row=6)
Warning: No concept for (50, 0, 6, 1)
Processing entry 92/700 (K=50, layer=0, h_row=6)
Warning: No concept for (50, 0, 6, -1)
Processing entry 93/700 (K=50, layer=0, h_row=6)
Warning: No concept for (50, 0, 6, 1)
Processing entry 94/700 (K=50, layer=0, h_row=6)
Warning: No concept for (50, 0, 6, -1)
Processing entry 95/700 (K=50, layer=0, h_row=6)
Warning: No concept for (50, 0, 6, 1)
Processing entry 96/700 (K=50, layer=0, h_row=6)
Warning: No concept for (50, 0, 6, -1)
Processing entry 97/700 (K=50, layer=0, h_row=6)
Warning: No concept for (50, 0, 6, 1)
Processing entry 98/700 (K=50, layer=0, h_row=6)
Warning: No concept for (50, 0, 6, -1)
Processing entry 99/700 (K=50, layer=0, h_row=7)
Warning: No concept for (50, 0, 7, 1)
Processing entry 100/700 (K=50, layer=0, h_row=7)
Warning: No concept for (50, 0, 7, -1)
Processing entry 101/700 (K=50, layer=0, h_row=7)
Warning: No concept for (50, 0, 7, 1)
Processing entry 102/700 (K=50, layer=0, h_row=7)
Warning: No concept for (50, 0, 7, -1)
Processing entry 103/700 (K=50, layer=0, h_row=7)
Warning: No concept for (50, 0, 7, 1)
Processing entry 104/700 (K=50, layer=0, h_row=7)
Warning: No concept for (50, 0, 7, -1)
Processing entry 105/700 (K=50, layer=0, h_row=7)
Warning: No concept for (50, 0, 7, 1)
Processing entry 106/700 (K=50, layer=0, h_row=7)
Warning: No concept for (50, 0, 7, -1)
Processing entry 107/700 (K=50, layer=0, h_row=7)
Warning: No concept for (50, 0, 7, 1)
Processing entry 108/700 (K=50, layer=0, h_row=7)
Warning: No concept for (50, 0, 7, -1)
Processing entry 109/700 (K=50, layer=0, h_row=7)
Warning: No concept for (50, 0, 7, 1)
Processing entry 110/700 (K=50, layer=0, h_row=7)
Warning: No concept for (50, 0, 7, -1)
Processing entry 111/700 (K=50, layer=0, h_row=7)
Warning: No concept for (50, 0, 7, 1)
Processing entry 112/700 (K=50, layer=0, h_row=7)
Warning: No concept for (50, 0, 7, -1)
Processing entry 113/700 (K=50, layer=0, h_row=8)
Warning: No concept for (50, 0, 8, 1)
Processing entry 114/700 (K=50, layer=0, h_row=8)
Warning: No concept for (50, 0, 8, -1)
Processing entry 115/700 (K=50, layer=0, h_row=8)
Warning: No concept for (50, 0, 8, 1)
Processing entry 116/700 (K=50, layer=0, h_row=8)
Warning: No concept for (50, 0, 8, -1)
Processing entry 117/700 (K=50, layer=0, h_row=8)
Warning: No concept for (50, 0, 8, 1)
Processing entry 118/700 (K=50, layer=0, h_row=8)
Warning: No concept for (50, 0, 8, -1)
Processing entry 119/700 (K=50, layer=0, h_row=8)
Warning: No concept for (50, 0, 8, 1)
Processing entry 120/700 (K=50, layer=0, h_row=8)
Warning: No concept for (50, 0, 8, -1)
Processing entry 121/700 (K=50, layer=0, h_row=8)
Warning: No concept for (50, 0, 8, 1)
Processing entry 122/700 (K=50, layer=0, h_row=8)
Warning: No concept for (50, 0, 8, -1)
Processing entry 123/700 (K=50, layer=0, h_row=8)
Warning: No concept for (50, 0, 8, 1)
Processing entry 124/700 (K=50, layer=0, h_row=8)
Warning: No concept for (50, 0, 8, -1)
Processing entry 125/700 (K=50, layer=0, h_row=8)
Warning: No concept for (50, 0, 8, 1)
Processing entry 126/700 (K=50, layer=0, h_row=8)
Warning: No concept for (50, 0, 8, -1)
Processing entry 127/700 (K=50, layer=0, h_row=9)
Warning: No concept for (50, 0, 9, 1)
Processing entry 128/700 (K=50, layer=0, h_row=9)
Warning: No concept for (50, 0, 9, -1)
Processing entry 129/700 (K=50, layer=0, h_row=9)
Warning: No concept for (50, 0, 9, 1)
Processing entry 130/700 (K=50, layer=0, h_row=9)
Warning: No concept for (50, 0, 9, -1)
Processing entry 131/700 (K=50, layer=0, h_row=9)
Warning: No concept for (50, 0, 9, 1)
Processing entry 132/700 (K=50, layer=0, h_row=9)
Warning: No concept for (50, 0, 9, -1)
Processing entry 133/700 (K=50, layer=0, h_row=9)
Warning: No concept for (50, 0, 9, 1)
Processing entry 134/700 (K=50, layer=0, h_row=9)
Warning: No concept for (50, 0, 9, -1)
Processing entry 135/700 (K=50, layer=0, h_row=9)
Warning: No concept for (50, 0, 9, 1)
Processing entry 136/700 (K=50, layer=0, h_row=9)
Warning: No concept for (50, 0, 9, -1)
Processing entry 137/700 (K=50, layer=0, h_row=9)
Warning: No concept for (50, 0, 9, 1)
Processing entry 138/700 (K=50, layer=0, h_row=9)
Warning: No concept for (50, 0, 9, -1)
Processing entry 139/700 (K=50, layer=0, h_row=9)
Warning: No concept for (50, 0, 9, 1)
Processing entry 140/700 (K=50, layer=0, h_row=9)
Warning: No concept for (50, 0, 9, -1)
Processing entry 141/700 (K=50, layer=0, h_row=10)
Warning: No concept for (50, 0, 10, 1)
Processing entry 142/700 (K=50, layer=0, h_row=10)
Warning: No concept for (50, 0, 10, -1)
Processing entry 143/700 (K=50, layer=0, h_row=10)
Warning: No concept for (50, 0, 10, 1)
Processing entry 144/700 (K=50, layer=0, h_row=10)
Warning: No concept for (50, 0, 10, -1)
Processing entry 145/700 (K=50, layer=0, h_row=10)
Warning: No concept for (50, 0, 10, 1)
Processing entry 146/700 (K=50, layer=0, h_row=10)
Warning: No concept for (50, 0, 10, -1)
Processing entry 147/700 (K=50, layer=0, h_row=10)
Warning: No concept for (50, 0, 10, 1)
Processing entry 148/700 (K=50, layer=0, h_row=10)
Warning: No concept for (50, 0, 10, -1)
Processing entry 149/700 (K=50, layer=0, h_row=10)
Warning: No concept for (50, 0, 10, 1)
Processing entry 150/700 (K=50, layer=0, h_row=10)
Warning: No concept for (50, 0, 10, -1)
Processing entry 151/700 (K=50, layer=0, h_row=10)
Warning: No concept for (50, 0, 10, 1)
Processing entry 152/700 (K=50, layer=0, h_row=10)
Warning: No concept for (50, 0, 10, -1)
Processing entry 153/700 (K=50, layer=0, h_row=10)
Warning: No concept for (50, 0, 10, 1)
Processing entry 154/700 (K=50, layer=0, h_row=10)
Warning: No concept for (50, 0, 10, -1)
Processing entry 155/700 (K=50, layer=0, h_row=11)
Warning: No concept for (50, 0, 11, 1)
Processing entry 156/700 (K=50, layer=0, h_row=11)
Warning: No concept for (50, 0, 11, -1)
Processing entry 157/700 (K=50, layer=0, h_row=11)
Warning: No concept for (50, 0, 11, 1)
Processing entry 158/700 (K=50, layer=0, h_row=11)
Warning: No concept for (50, 0, 11, -1)
Processing entry 159/700 (K=50, layer=0, h_row=11)
Warning: No concept for (50, 0, 11, 1)
Processing entry 160/700 (K=50, layer=0, h_row=11)
Warning: No concept for (50, 0, 11, -1)
Processing entry 161/700 (K=50, layer=0, h_row=11)
Warning: No concept for (50, 0, 11, 1)
Processing entry 162/700 (K=50, layer=0, h_row=11)
Warning: No concept for (50, 0, 11, -1)
Processing entry 163/700 (K=50, layer=0, h_row=11)
Warning: No concept for (50, 0, 11, 1)
Processing entry 164/700 (K=50, layer=0, h_row=11)
Warning: No concept for (50, 0, 11, -1)
Processing entry 165/700 (K=50, layer=0, h_row=11)
Warning: No concept for (50, 0, 11, 1)
Processing entry 166/700 (K=50, layer=0, h_row=11)
Warning: No concept for (50, 0, 11, -1)
Processing entry 167/700 (K=50, layer=0, h_row=11)
Warning: No concept for (50, 0, 11, 1)
Processing entry 168/700 (K=50, layer=0, h_row=11)
Warning: No concept for (50, 0, 11, -1)
Processing entry 169/700 (K=50, layer=0, h_row=12)
Warning: No concept for (50, 0, 12, 1)
Processing entry 170/700 (K=50, layer=0, h_row=12)
Warning: No concept for (50, 0, 12, -1)
Processing entry 171/700 (K=50, layer=0, h_row=12)
Warning: No concept for (50, 0, 12, 1)
Processing entry 172/700 (K=50, layer=0, h_row=12)
Warning: No concept for (50, 0, 12, -1)
Processing entry 173/700 (K=50, layer=0, h_row=12)
Warning: No concept for (50, 0, 12, 1)
Processing entry 174/700 (K=50, layer=0, h_row=12)
Warning: No concept for (50, 0, 12, -1)
Processing entry 175/700 (K=50, layer=0, h_row=12)
Warning: No concept for (50, 0, 12, 1)
Processing entry 176/700 (K=50, layer=0, h_row=12)
Warning: No concept for (50, 0, 12, -1)
Processing entry 177/700 (K=50, layer=0, h_row=12)
Warning: No concept for (50, 0, 12, 1)
Processing entry 178/700 (K=50, layer=0, h_row=12)
Warning: No concept for (50, 0, 12, -1)
Processing entry 179/700 (K=50, layer=0, h_row=12)
Warning: No concept for (50, 0, 12, 1)
Processing entry 180/700 (K=50, layer=0, h_row=12)
Warning: No concept for (50, 0, 12, -1)
Processing entry 181/700 (K=50, layer=0, h_row=12)
Warning: No concept for (50, 0, 12, 1)
Processing entry 182/700 (K=50, layer=0, h_row=12)
Warning: No concept for (50, 0, 12, -1)
Processing entry 183/700 (K=50, layer=0, h_row=13)
Warning: No concept for (50, 0, 13, 1)
Processing entry 184/700 (K=50, layer=0, h_row=13)
Warning: No concept for (50, 0, 13, -1)
Processing entry 185/700 (K=50, layer=0, h_row=13)
Warning: No concept for (50, 0, 13, 1)
Processing entry 186/700 (K=50, layer=0, h_row=13)
Warning: No concept for (50, 0, 13, -1)
Processing entry 187/700 (K=50, layer=0, h_row=13)
Warning: No concept for (50, 0, 13, 1)
Processing entry 188/700 (K=50, layer=0, h_row=13)
Warning: No concept for (50, 0, 13, -1)
Processing entry 189/700 (K=50, layer=0, h_row=13)
Warning: No concept for (50, 0, 13, 1)
Processing entry 190/700 (K=50, layer=0, h_row=13)
Warning: No concept for (50, 0, 13, -1)
Processing entry 191/700 (K=50, layer=0, h_row=13)
Warning: No concept for (50, 0, 13, 1)
Processing entry 192/700 (K=50, layer=0, h_row=13)
Warning: No concept for (50, 0, 13, -1)
Processing entry 193/700 (K=50, layer=0, h_row=13)
Warning: No concept for (50, 0, 13, 1)
Processing entry 194/700 (K=50, layer=0, h_row=13)
Warning: No concept for (50, 0, 13, -1)
Processing entry 195/700 (K=50, layer=0, h_row=13)
Warning: No concept for (50, 0, 13, 1)
Processing entry 196/700 (K=50, layer=0, h_row=13)
Warning: No concept for (50, 0, 13, -1)
Processing entry 197/700 (K=50, layer=0, h_row=14)
Warning: No concept for (50, 0, 14, 1)
Processing entry 198/700 (K=50, layer=0, h_row=14)
Warning: No concept for (50, 0, 14, -1)
Processing entry 199/700 (K=50, layer=0, h_row=14)
Warning: No concept for (50, 0, 14, 1)
Processing entry 200/700 (K=50, layer=0, h_row=14)
Warning: No concept for (50, 0, 14, -1)
Processing entry 201/700 (K=50, layer=0, h_row=14)
Warning: No concept for (50, 0, 14, 1)
Processing entry 202/700 (K=50, layer=0, h_row=14)
Warning: No concept for (50, 0, 14, -1)
Processing entry 203/700 (K=50, layer=0, h_row=14)
Warning: No concept for (50, 0, 14, 1)
Processing entry 204/700 (K=50, layer=0, h_row=14)
Warning: No concept for (50, 0, 14, -1)
Processing entry 205/700 (K=50, layer=0, h_row=14)
Warning: No concept for (50, 0, 14, 1)
Processing entry 206/700 (K=50, layer=0, h_row=14)
Warning: No concept for (50, 0, 14, -1)
Processing entry 207/700 (K=50, layer=0, h_row=14)
Warning: No concept for (50, 0, 14, 1)
Processing entry 208/700 (K=50, layer=0, h_row=14)
Warning: No concept for (50, 0, 14, -1)
Processing entry 209/700 (K=50, layer=0, h_row=14)
Warning: No concept for (50, 0, 14, 1)
Processing entry 210/700 (K=50, layer=0, h_row=14)
Warning: No concept for (50, 0, 14, -1)
Processing entry 211/700 (K=50, layer=0, h_row=15)
Warning: No concept for (50, 0, 15, 1)
Processing entry 212/700 (K=50, layer=0, h_row=15)
Warning: No concept for (50, 0, 15, -1)
Processing entry 213/700 (K=50, layer=0, h_row=15)
Warning: No concept for (50, 0, 15, 1)
Processing entry 214/700 (K=50, layer=0, h_row=15)
Warning: No concept for (50, 0, 15, -1)
Processing entry 215/700 (K=50, layer=0, h_row=15)
Warning: No concept for (50, 0, 15, 1)
Processing entry 216/700 (K=50, layer=0, h_row=15)
Warning: No concept for (50, 0, 15, -1)
Processing entry 217/700 (K=50, layer=0, h_row=15)
Warning: No concept for (50, 0, 15, 1)
Processing entry 218/700 (K=50, layer=0, h_row=15)
Warning: No concept for (50, 0, 15, -1)
Processing entry 219/700 (K=50, layer=0, h_row=15)
Warning: No concept for (50, 0, 15, 1)
Processing entry 220/700 (K=50, layer=0, h_row=15)
Warning: No concept for (50, 0, 15, -1)
Processing entry 221/700 (K=50, layer=0, h_row=15)
Warning: No concept for (50, 0, 15, 1)
Processing entry 222/700 (K=50, layer=0, h_row=15)
Warning: No concept for (50, 0, 15, -1)
Processing entry 223/700 (K=50, layer=0, h_row=15)
Warning: No concept for (50, 0, 15, 1)
Processing entry 224/700 (K=50, layer=0, h_row=15)
Warning: No concept for (50, 0, 15, -1)
Processing entry 225/700 (K=50, layer=0, h_row=16)
Warning: No concept for (50, 0, 16, 1)
Processing entry 226/700 (K=50, layer=0, h_row=16)
Warning: No concept for (50, 0, 16, -1)
Processing entry 227/700 (K=50, layer=0, h_row=16)
Warning: No concept for (50, 0, 16, 1)
Processing entry 228/700 (K=50, layer=0, h_row=16)
Warning: No concept for (50, 0, 16, -1)
Processing entry 229/700 (K=50, layer=0, h_row=16)
Warning: No concept for (50, 0, 16, 1)
Processing entry 230/700 (K=50, layer=0, h_row=16)
Warning: No concept for (50, 0, 16, -1)
Processing entry 231/700 (K=50, layer=0, h_row=16)
Warning: No concept for (50, 0, 16, 1)
Processing entry 232/700 (K=50, layer=0, h_row=16)
Warning: No concept for (50, 0, 16, -1)
Processing entry 233/700 (K=50, layer=0, h_row=16)
Warning: No concept for (50, 0, 16, 1)
Processing entry 234/700 (K=50, layer=0, h_row=16)
Warning: No concept for (50, 0, 16, -1)
Processing entry 235/700 (K=50, layer=0, h_row=16)
Warning: No concept for (50, 0, 16, 1)
Processing entry 236/700 (K=50, layer=0, h_row=16)
Warning: No concept for (50, 0, 16, -1)
Processing entry 237/700 (K=50, layer=0, h_row=16)
Warning: No concept for (50, 0, 16, 1)
Processing entry 238/700 (K=50, layer=0, h_row=16)
Warning: No concept for (50, 0, 16, -1)
Processing entry 239/700 (K=50, layer=0, h_row=17)
Warning: No concept for (50, 0, 17, 1)
Processing entry 240/700 (K=50, layer=0, h_row=17)
Warning: No concept for (50, 0, 17, -1)
Processing entry 241/700 (K=50, layer=0, h_row=17)
Warning: No concept for (50, 0, 17, 1)
Processing entry 242/700 (K=50, layer=0, h_row=17)
Warning: No concept for (50, 0, 17, -1)
Processing entry 243/700 (K=50, layer=0, h_row=17)
Warning: No concept for (50, 0, 17, 1)
Processing entry 244/700 (K=50, layer=0, h_row=17)
Warning: No concept for (50, 0, 17, -1)
Processing entry 245/700 (K=50, layer=0, h_row=17)
Warning: No concept for (50, 0, 17, 1)
Processing entry 246/700 (K=50, layer=0, h_row=17)
Warning: No concept for (50, 0, 17, -1)
Processing entry 247/700 (K=50, layer=0, h_row=17)
Warning: No concept for (50, 0, 17, 1)
Processing entry 248/700 (K=50, layer=0, h_row=17)
Warning: No concept for (50, 0, 17, -1)
Processing entry 249/700 (K=50, layer=0, h_row=17)
Warning: No concept for (50, 0, 17, 1)
Processing entry 250/700 (K=50, layer=0, h_row=17)
Warning: No concept for (50, 0, 17, -1)
Processing entry 251/700 (K=50, layer=0, h_row=17)
Warning: No concept for (50, 0, 17, 1)
Processing entry 252/700 (K=50, layer=0, h_row=17)
Warning: No concept for (50, 0, 17, -1)
Processing entry 253/700 (K=50, layer=0, h_row=18)
Warning: No concept for (50, 0, 18, 1)
Processing entry 254/700 (K=50, layer=0, h_row=18)
Warning: No concept for (50, 0, 18, -1)
Processing entry 255/700 (K=50, layer=0, h_row=18)
Warning: No concept for (50, 0, 18, 1)
Processing entry 256/700 (K=50, layer=0, h_row=18)
Warning: No concept for (50, 0, 18, -1)
Processing entry 257/700 (K=50, layer=0, h_row=18)
Warning: No concept for (50, 0, 18, 1)
Processing entry 258/700 (K=50, layer=0, h_row=18)
Warning: No concept for (50, 0, 18, -1)
Processing entry 259/700 (K=50, layer=0, h_row=18)
Warning: No concept for (50, 0, 18, 1)
Processing entry 260/700 (K=50, layer=0, h_row=18)
Warning: No concept for (50, 0, 18, -1)
Processing entry 261/700 (K=50, layer=0, h_row=18)
Warning: No concept for (50, 0, 18, 1)
Processing entry 262/700 (K=50, layer=0, h_row=18)
Warning: No concept for (50, 0, 18, -1)
Processing entry 263/700 (K=50, layer=0, h_row=18)
Warning: No concept for (50, 0, 18, 1)
Processing entry 264/700 (K=50, layer=0, h_row=18)
Warning: No concept for (50, 0, 18, -1)
Processing entry 265/700 (K=50, layer=0, h_row=18)
Warning: No concept for (50, 0, 18, 1)
Processing entry 266/700 (K=50, layer=0, h_row=18)
Warning: No concept for (50, 0, 18, -1)
Processing entry 267/700 (K=50, layer=0, h_row=19)
Warning: No concept for (50, 0, 19, 1)
Processing entry 268/700 (K=50, layer=0, h_row=19)
Warning: No concept for (50, 0, 19, -1)
Processing entry 269/700 (K=50, layer=0, h_row=19)
Warning: No concept for (50, 0, 19, 1)
Processing entry 270/700 (K=50, layer=0, h_row=19)
Warning: No concept for (50, 0, 19, -1)
Processing entry 271/700 (K=50, layer=0, h_row=19)
Warning: No concept for (50, 0, 19, 1)
Processing entry 272/700 (K=50, layer=0, h_row=19)
Warning: No concept for (50, 0, 19, -1)
Processing entry 273/700 (K=50, layer=0, h_row=19)
Warning: No concept for (50, 0, 19, 1)
Processing entry 274/700 (K=50, layer=0, h_row=19)
Warning: No concept for (50, 0, 19, -1)
Processing entry 275/700 (K=50, layer=0, h_row=19)
Warning: No concept for (50, 0, 19, 1)
Processing entry 276/700 (K=50, layer=0, h_row=19)
Warning: No concept for (50, 0, 19, -1)
Processing entry 277/700 (K=50, layer=0, h_row=19)
Warning: No concept for (50, 0, 19, 1)
Processing entry 278/700 (K=50, layer=0, h_row=19)
Warning: No concept for (50, 0, 19, -1)
Processing entry 279/700 (K=50, layer=0, h_row=19)
Warning: No concept for (50, 0, 19, 1)
Processing entry 280/700 (K=50, layer=0, h_row=19)
Warning: No concept for (50, 0, 19, -1)
Processing entry 281/700 (K=50, layer=0, h_row=20)
Warning: No concept for (50, 0, 20, 1)
Processing entry 282/700 (K=50, layer=0, h_row=20)
Warning: No concept for (50, 0, 20, -1)
Processing entry 283/700 (K=50, layer=0, h_row=20)
Warning: No concept for (50, 0, 20, 1)
Processing entry 284/700 (K=50, layer=0, h_row=20)
Warning: No concept for (50, 0, 20, -1)
Processing entry 285/700 (K=50, layer=0, h_row=20)
Warning: No concept for (50, 0, 20, 1)
Processing entry 286/700 (K=50, layer=0, h_row=20)
Warning: No concept for (50, 0, 20, -1)
Processing entry 287/700 (K=50, layer=0, h_row=20)
Warning: No concept for (50, 0, 20, 1)
Processing entry 288/700 (K=50, layer=0, h_row=20)
Warning: No concept for (50, 0, 20, -1)
Processing entry 289/700 (K=50, layer=0, h_row=20)
Warning: No concept for (50, 0, 20, 1)
Processing entry 290/700 (K=50, layer=0, h_row=20)
Warning: No concept for (50, 0, 20, -1)
Processing entry 291/700 (K=50, layer=0, h_row=20)
Warning: No concept for (50, 0, 20, 1)
Processing entry 292/700 (K=50, layer=0, h_row=20)
Warning: No concept for (50, 0, 20, -1)
Processing entry 293/700 (K=50, layer=0, h_row=20)
Warning: No concept for (50, 0, 20, 1)
Processing entry 294/700 (K=50, layer=0, h_row=20)
Warning: No concept for (50, 0, 20, -1)
Processing entry 295/700 (K=50, layer=0, h_row=21)
Warning: No concept for (50, 0, 21, 1)
Processing entry 296/700 (K=50, layer=0, h_row=21)
Warning: No concept for (50, 0, 21, -1)
Processing entry 297/700 (K=50, layer=0, h_row=21)
Warning: No concept for (50, 0, 21, 1)
Processing entry 298/700 (K=50, layer=0, h_row=21)
Warning: No concept for (50, 0, 21, -1)
Processing entry 299/700 (K=50, layer=0, h_row=21)
Warning: No concept for (50, 0, 21, 1)
Processing entry 300/700 (K=50, layer=0, h_row=21)
Warning: No concept for (50, 0, 21, -1)
Processing entry 301/700 (K=50, layer=0, h_row=21)
Warning: No concept for (50, 0, 21, 1)
Processing entry 302/700 (K=50, layer=0, h_row=21)
Warning: No concept for (50, 0, 21, -1)
Processing entry 303/700 (K=50, layer=0, h_row=21)
Warning: No concept for (50, 0, 21, 1)
Processing entry 304/700 (K=50, layer=0, h_row=21)
Warning: No concept for (50, 0, 21, -1)
Processing entry 305/700 (K=50, layer=0, h_row=21)
Warning: No concept for (50, 0, 21, 1)
Processing entry 306/700 (K=50, layer=0, h_row=21)
Warning: No concept for (50, 0, 21, -1)
Processing entry 307/700 (K=50, layer=0, h_row=21)
Warning: No concept for (50, 0, 21, 1)
Processing entry 308/700 (K=50, layer=0, h_row=21)
Warning: No concept for (50, 0, 21, -1)
Processing entry 309/700 (K=50, layer=0, h_row=22)
Warning: No concept for (50, 0, 22, 1)
Processing entry 310/700 (K=50, layer=0, h_row=22)
Warning: No concept for (50, 0, 22, -1)
Processing entry 311/700 (K=50, layer=0, h_row=22)
Warning: No concept for (50, 0, 22, 1)
Processing entry 312/700 (K=50, layer=0, h_row=22)
Warning: No concept for (50, 0, 22, -1)
Processing entry 313/700 (K=50, layer=0, h_row=22)
Warning: No concept for (50, 0, 22, 1)
Processing entry 314/700 (K=50, layer=0, h_row=22)
Warning: No concept for (50, 0, 22, -1)
Processing entry 315/700 (K=50, layer=0, h_row=22)
Warning: No concept for (50, 0, 22, 1)
Processing entry 316/700 (K=50, layer=0, h_row=22)
Warning: No concept for (50, 0, 22, -1)
Processing entry 317/700 (K=50, layer=0, h_row=22)
Warning: No concept for (50, 0, 22, 1)
Processing entry 318/700 (K=50, layer=0, h_row=22)
Warning: No concept for (50, 0, 22, -1)
Processing entry 319/700 (K=50, layer=0, h_row=22)
Warning: No concept for (50, 0, 22, 1)
Processing entry 320/700 (K=50, layer=0, h_row=22)
Warning: No concept for (50, 0, 22, -1)
Processing entry 321/700 (K=50, layer=0, h_row=22)
Warning: No concept for (50, 0, 22, 1)
Processing entry 322/700 (K=50, layer=0, h_row=22)
Warning: No concept for (50, 0, 22, -1)
Processing entry 323/700 (K=50, layer=0, h_row=23)
Warning: No concept for (50, 0, 23, 1)
Processing entry 324/700 (K=50, layer=0, h_row=23)
Warning: No concept for (50, 0, 23, -1)
Processing entry 325/700 (K=50, layer=0, h_row=23)
Warning: No concept for (50, 0, 23, 1)
Processing entry 326/700 (K=50, layer=0, h_row=23)
Warning: No concept for (50, 0, 23, -1)
Processing entry 327/700 (K=50, layer=0, h_row=23)
Warning: No concept for (50, 0, 23, 1)
Processing entry 328/700 (K=50, layer=0, h_row=23)
Warning: No concept for (50, 0, 23, -1)
Processing entry 329/700 (K=50, layer=0, h_row=23)
Warning: No concept for (50, 0, 23, 1)
Processing entry 330/700 (K=50, layer=0, h_row=23)
Warning: No concept for (50, 0, 23, -1)
Processing entry 331/700 (K=50, layer=0, h_row=23)
Warning: No concept for (50, 0, 23, 1)
Processing entry 332/700 (K=50, layer=0, h_row=23)
Warning: No concept for (50, 0, 23, -1)
Processing entry 333/700 (K=50, layer=0, h_row=23)
Warning: No concept for (50, 0, 23, 1)
Processing entry 334/700 (K=50, layer=0, h_row=23)
Warning: No concept for (50, 0, 23, -1)
Processing entry 335/700 (K=50, layer=0, h_row=23)
Warning: No concept for (50, 0, 23, 1)
Processing entry 336/700 (K=50, layer=0, h_row=23)
Warning: No concept for (50, 0, 23, -1)
Processing entry 337/700 (K=50, layer=0, h_row=24)
Warning: No concept for (50, 0, 24, 1)
Processing entry 338/700 (K=50, layer=0, h_row=24)
Warning: No concept for (50, 0, 24, -1)
Processing entry 339/700 (K=50, layer=0, h_row=24)
Warning: No concept for (50, 0, 24, 1)
Processing entry 340/700 (K=50, layer=0, h_row=24)
Warning: No concept for (50, 0, 24, -1)
Processing entry 341/700 (K=50, layer=0, h_row=24)
Warning: No concept for (50, 0, 24, 1)
Processing entry 342/700 (K=50, layer=0, h_row=24)
Warning: No concept for (50, 0, 24, -1)
Processing entry 343/700 (K=50, layer=0, h_row=24)
Warning: No concept for (50, 0, 24, 1)
Processing entry 344/700 (K=50, layer=0, h_row=24)
Warning: No concept for (50, 0, 24, -1)
Processing entry 345/700 (K=50, layer=0, h_row=24)
Warning: No concept for (50, 0, 24, 1)
Processing entry 346/700 (K=50, layer=0, h_row=24)
Warning: No concept for (50, 0, 24, -1)
Processing entry 347/700 (K=50, layer=0, h_row=24)
Warning: No concept for (50, 0, 24, 1)
Processing entry 348/700 (K=50, layer=0, h_row=24)
Warning: No concept for (50, 0, 24, -1)
Processing entry 349/700 (K=50, layer=0, h_row=24)
Warning: No concept for (50, 0, 24, 1)
Processing entry 350/700 (K=50, layer=0, h_row=24)
Warning: No concept for (50, 0, 24, -1)
Processing entry 351/700 (K=50, layer=0, h_row=25)
Warning: No concept for (50, 0, 25, 1)
Processing entry 352/700 (K=50, layer=0, h_row=25)
Warning: No concept for (50, 0, 25, -1)
Processing entry 353/700 (K=50, layer=0, h_row=25)
Warning: No concept for (50, 0, 25, 1)
Processing entry 354/700 (K=50, layer=0, h_row=25)
Warning: No concept for (50, 0, 25, -1)
Processing entry 355/700 (K=50, layer=0, h_row=25)
Warning: No concept for (50, 0, 25, 1)
Processing entry 356/700 (K=50, layer=0, h_row=25)
Warning: No concept for (50, 0, 25, -1)
Processing entry 357/700 (K=50, layer=0, h_row=25)
Warning: No concept for (50, 0, 25, 1)
Processing entry 358/700 (K=50, layer=0, h_row=25)
Warning: No concept for (50, 0, 25, -1)
Processing entry 359/700 (K=50, layer=0, h_row=25)
Warning: No concept for (50, 0, 25, 1)
Processing entry 360/700 (K=50, layer=0, h_row=25)
Warning: No concept for (50, 0, 25, -1)
Processing entry 361/700 (K=50, layer=0, h_row=25)
Warning: No concept for (50, 0, 25, 1)
Processing entry 362/700 (K=50, layer=0, h_row=25)
Warning: No concept for (50, 0, 25, -1)
Processing entry 363/700 (K=50, layer=0, h_row=25)
Warning: No concept for (50, 0, 25, 1)
Processing entry 364/700 (K=50, layer=0, h_row=25)
Warning: No concept for (50, 0, 25, -1)
Processing entry 365/700 (K=50, layer=0, h_row=26)
Warning: No concept for (50, 0, 26, 1)
Processing entry 366/700 (K=50, layer=0, h_row=26)
Warning: No concept for (50, 0, 26, -1)
Processing entry 367/700 (K=50, layer=0, h_row=26)
Warning: No concept for (50, 0, 26, 1)
Processing entry 368/700 (K=50, layer=0, h_row=26)
Warning: No concept for (50, 0, 26, -1)
Processing entry 369/700 (K=50, layer=0, h_row=26)
Warning: No concept for (50, 0, 26, 1)
Processing entry 370/700 (K=50, layer=0, h_row=26)
Warning: No concept for (50, 0, 26, -1)
Processing entry 371/700 (K=50, layer=0, h_row=26)
Warning: No concept for (50, 0, 26, 1)
Processing entry 372/700 (K=50, layer=0, h_row=26)
Warning: No concept for (50, 0, 26, -1)
Processing entry 373/700 (K=50, layer=0, h_row=26)
Warning: No concept for (50, 0, 26, 1)
Processing entry 374/700 (K=50, layer=0, h_row=26)
Warning: No concept for (50, 0, 26, -1)
Processing entry 375/700 (K=50, layer=0, h_row=26)
Warning: No concept for (50, 0, 26, 1)
Processing entry 376/700 (K=50, layer=0, h_row=26)
Warning: No concept for (50, 0, 26, -1)
Processing entry 377/700 (K=50, layer=0, h_row=26)
Warning: No concept for (50, 0, 26, 1)
Processing entry 378/700 (K=50, layer=0, h_row=26)
Warning: No concept for (50, 0, 26, -1)
Processing entry 379/700 (K=50, layer=0, h_row=27)
Warning: No concept for (50, 0, 27, 1)
Processing entry 380/700 (K=50, layer=0, h_row=27)
Warning: No concept for (50, 0, 27, -1)
Processing entry 381/700 (K=50, layer=0, h_row=27)
Warning: No concept for (50, 0, 27, 1)
Processing entry 382/700 (K=50, layer=0, h_row=27)
Warning: No concept for (50, 0, 27, -1)
Processing entry 383/700 (K=50, layer=0, h_row=27)
Warning: No concept for (50, 0, 27, 1)
Processing entry 384/700 (K=50, layer=0, h_row=27)
Warning: No concept for (50, 0, 27, -1)
Processing entry 385/700 (K=50, layer=0, h_row=27)
Warning: No concept for (50, 0, 27, 1)
Processing entry 386/700 (K=50, layer=0, h_row=27)
Warning: No concept for (50, 0, 27, -1)
Processing entry 387/700 (K=50, layer=0, h_row=27)
Warning: No concept for (50, 0, 27, 1)
Processing entry 388/700 (K=50, layer=0, h_row=27)
Warning: No concept for (50, 0, 27, -1)
Processing entry 389/700 (K=50, layer=0, h_row=27)
Warning: No concept for (50, 0, 27, 1)
Processing entry 390/700 (K=50, layer=0, h_row=27)
Warning: No concept for (50, 0, 27, -1)
Processing entry 391/700 (K=50, layer=0, h_row=27)
Warning: No concept for (50, 0, 27, 1)
Processing entry 392/700 (K=50, layer=0, h_row=27)
Warning: No concept for (50, 0, 27, -1)
Processing entry 393/700 (K=50, layer=0, h_row=28)
Warning: No concept for (50, 0, 28, 1)
Processing entry 394/700 (K=50, layer=0, h_row=28)
Warning: No concept for (50, 0, 28, -1)
Processing entry 395/700 (K=50, layer=0, h_row=28)
Warning: No concept for (50, 0, 28, 1)
Processing entry 396/700 (K=50, layer=0, h_row=28)
Warning: No concept for (50, 0, 28, -1)
Processing entry 397/700 (K=50, layer=0, h_row=28)
Warning: No concept for (50, 0, 28, 1)
Processing entry 398/700 (K=50, layer=0, h_row=28)
Warning: No concept for (50, 0, 28, -1)
Processing entry 399/700 (K=50, layer=0, h_row=28)
Warning: No concept for (50, 0, 28, 1)
Processing entry 400/700 (K=50, layer=0, h_row=28)
Warning: No concept for (50, 0, 28, -1)
Processing entry 401/700 (K=50, layer=0, h_row=28)
Warning: No concept for (50, 0, 28, 1)
Processing entry 402/700 (K=50, layer=0, h_row=28)
Warning: No concept for (50, 0, 28, -1)
Processing entry 403/700 (K=50, layer=0, h_row=28)
Warning: No concept for (50, 0, 28, 1)
Processing entry 404/700 (K=50, layer=0, h_row=28)
Warning: No concept for (50, 0, 28, -1)
Processing entry 405/700 (K=50, layer=0, h_row=28)
Warning: No concept for (50, 0, 28, 1)
Processing entry 406/700 (K=50, layer=0, h_row=28)
Warning: No concept for (50, 0, 28, -1)
Processing entry 407/700 (K=50, layer=0, h_row=29)
Warning: No concept for (50, 0, 29, 1)
Processing entry 408/700 (K=50, layer=0, h_row=29)
Warning: No concept for (50, 0, 29, -1)
Processing entry 409/700 (K=50, layer=0, h_row=29)
Warning: No concept for (50, 0, 29, 1)
Processing entry 410/700 (K=50, layer=0, h_row=29)
Warning: No concept for (50, 0, 29, -1)
Processing entry 411/700 (K=50, layer=0, h_row=29)
Warning: No concept for (50, 0, 29, 1)
Processing entry 412/700 (K=50, layer=0, h_row=29)
Warning: No concept for (50, 0, 29, -1)
Processing entry 413/700 (K=50, layer=0, h_row=29)
Warning: No concept for (50, 0, 29, 1)
Processing entry 414/700 (K=50, layer=0, h_row=29)
Warning: No concept for (50, 0, 29, -1)
Processing entry 415/700 (K=50, layer=0, h_row=29)
Warning: No concept for (50, 0, 29, 1)
Processing entry 416/700 (K=50, layer=0, h_row=29)
Warning: No concept for (50, 0, 29, -1)
Processing entry 417/700 (K=50, layer=0, h_row=29)
Warning: No concept for (50, 0, 29, 1)
Processing entry 418/700 (K=50, layer=0, h_row=29)
Warning: No concept for (50, 0, 29, -1)
Processing entry 419/700 (K=50, layer=0, h_row=29)
Warning: No concept for (50, 0, 29, 1)
Processing entry 420/700 (K=50, layer=0, h_row=29)
Warning: No concept for (50, 0, 29, -1)
Processing entry 421/700 (K=50, layer=0, h_row=30)
Warning: No concept for (50, 0, 30, 1)
Processing entry 422/700 (K=50, layer=0, h_row=30)
Warning: No concept for (50, 0, 30, -1)
Processing entry 423/700 (K=50, layer=0, h_row=30)
Warning: No concept for (50, 0, 30, 1)
Processing entry 424/700 (K=50, layer=0, h_row=30)
Warning: No concept for (50, 0, 30, -1)
Processing entry 425/700 (K=50, layer=0, h_row=30)
Warning: No concept for (50, 0, 30, 1)
Processing entry 426/700 (K=50, layer=0, h_row=30)
Warning: No concept for (50, 0, 30, -1)
Processing entry 427/700 (K=50, layer=0, h_row=30)
Warning: No concept for (50, 0, 30, 1)
Processing entry 428/700 (K=50, layer=0, h_row=30)
Warning: No concept for (50, 0, 30, -1)
Processing entry 429/700 (K=50, layer=0, h_row=30)
Warning: No concept for (50, 0, 30, 1)
Processing entry 430/700 (K=50, layer=0, h_row=30)
Warning: No concept for (50, 0, 30, -1)
Processing entry 431/700 (K=50, layer=0, h_row=30)
Warning: No concept for (50, 0, 30, 1)
Processing entry 432/700 (K=50, layer=0, h_row=30)
Warning: No concept for (50, 0, 30, -1)
Processing entry 433/700 (K=50, layer=0, h_row=30)
Warning: No concept for (50, 0, 30, 1)
Processing entry 434/700 (K=50, layer=0, h_row=30)
Warning: No concept for (50, 0, 30, -1)
Processing entry 435/700 (K=50, layer=0, h_row=31)
Warning: No concept for (50, 0, 31, 1)
Processing entry 436/700 (K=50, layer=0, h_row=31)
Warning: No concept for (50, 0, 31, -1)
Processing entry 437/700 (K=50, layer=0, h_row=31)
Warning: No concept for (50, 0, 31, 1)
Processing entry 438/700 (K=50, layer=0, h_row=31)
Warning: No concept for (50, 0, 31, -1)
Processing entry 439/700 (K=50, layer=0, h_row=31)
Warning: No concept for (50, 0, 31, 1)
Processing entry 440/700 (K=50, layer=0, h_row=31)
Warning: No concept for (50, 0, 31, -1)
Processing entry 441/700 (K=50, layer=0, h_row=31)
Warning: No concept for (50, 0, 31, 1)
Processing entry 442/700 (K=50, layer=0, h_row=31)
Warning: No concept for (50, 0, 31, -1)
Processing entry 443/700 (K=50, layer=0, h_row=31)
Warning: No concept for (50, 0, 31, 1)
Processing entry 444/700 (K=50, layer=0, h_row=31)
Warning: No concept for (50, 0, 31, -1)
Processing entry 445/700 (K=50, layer=0, h_row=31)
Warning: No concept for (50, 0, 31, 1)
Processing entry 446/700 (K=50, layer=0, h_row=31)
Warning: No concept for (50, 0, 31, -1)
Processing entry 447/700 (K=50, layer=0, h_row=31)
Warning: No concept for (50, 0, 31, 1)
Processing entry 448/700 (K=50, layer=0, h_row=31)
Warning: No concept for (50, 0, 31, -1)
Processing entry 449/700 (K=50, layer=0, h_row=32)
Warning: No concept for (50, 0, 32, 1)
Processing entry 450/700 (K=50, layer=0, h_row=32)
Warning: No concept for (50, 0, 32, -1)
Processing entry 451/700 (K=50, layer=0, h_row=32)
Warning: No concept for (50, 0, 32, 1)
Processing entry 452/700 (K=50, layer=0, h_row=32)
Warning: No concept for (50, 0, 32, -1)
Processing entry 453/700 (K=50, layer=0, h_row=32)
Warning: No concept for (50, 0, 32, 1)
Processing entry 454/700 (K=50, layer=0, h_row=32)
Warning: No concept for (50, 0, 32, -1)
Processing entry 455/700 (K=50, layer=0, h_row=32)
Warning: No concept for (50, 0, 32, 1)
Processing entry 456/700 (K=50, layer=0, h_row=32)
Warning: No concept for (50, 0, 32, -1)
Processing entry 457/700 (K=50, layer=0, h_row=32)
Warning: No concept for (50, 0, 32, 1)
Processing entry 458/700 (K=50, layer=0, h_row=32)
Warning: No concept for (50, 0, 32, -1)
Processing entry 459/700 (K=50, layer=0, h_row=32)
Warning: No concept for (50, 0, 32, 1)
Processing entry 460/700 (K=50, layer=0, h_row=32)
Warning: No concept for (50, 0, 32, -1)
Processing entry 461/700 (K=50, layer=0, h_row=32)
Warning: No concept for (50, 0, 32, 1)
Processing entry 462/700 (K=50, layer=0, h_row=32)
Warning: No concept for (50, 0, 32, -1)
Processing entry 463/700 (K=50, layer=0, h_row=33)
Warning: No concept for (50, 0, 33, 1)
Processing entry 464/700 (K=50, layer=0, h_row=33)
Warning: No concept for (50, 0, 33, -1)
Processing entry 465/700 (K=50, layer=0, h_row=33)
Warning: No concept for (50, 0, 33, 1)
Processing entry 466/700 (K=50, layer=0, h_row=33)
Warning: No concept for (50, 0, 33, -1)
Processing entry 467/700 (K=50, layer=0, h_row=33)
Warning: No concept for (50, 0, 33, 1)
Processing entry 468/700 (K=50, layer=0, h_row=33)
Warning: No concept for (50, 0, 33, -1)
Processing entry 469/700 (K=50, layer=0, h_row=33)
Warning: No concept for (50, 0, 33, 1)
Processing entry 470/700 (K=50, layer=0, h_row=33)
Warning: No concept for (50, 0, 33, -1)
Processing entry 471/700 (K=50, layer=0, h_row=33)
Warning: No concept for (50, 0, 33, 1)
Processing entry 472/700 (K=50, layer=0, h_row=33)
Warning: No concept for (50, 0, 33, -1)
Processing entry 473/700 (K=50, layer=0, h_row=33)
Warning: No concept for (50, 0, 33, 1)
Processing entry 474/700 (K=50, layer=0, h_row=33)
Warning: No concept for (50, 0, 33, -1)
Processing entry 475/700 (K=50, layer=0, h_row=33)
Warning: No concept for (50, 0, 33, 1)
Processing entry 476/700 (K=50, layer=0, h_row=33)
Warning: No concept for (50, 0, 33, -1)
Processing entry 477/700 (K=50, layer=0, h_row=34)
Warning: No concept for (50, 0, 34, 1)
Processing entry 478/700 (K=50, layer=0, h_row=34)
Warning: No concept for (50, 0, 34, -1)
Processing entry 479/700 (K=50, layer=0, h_row=34)
Warning: No concept for (50, 0, 34, 1)
Processing entry 480/700 (K=50, layer=0, h_row=34)
Warning: No concept for (50, 0, 34, -1)
Processing entry 481/700 (K=50, layer=0, h_row=34)
Warning: No concept for (50, 0, 34, 1)
Processing entry 482/700 (K=50, layer=0, h_row=34)
Warning: No concept for (50, 0, 34, -1)
Processing entry 483/700 (K=50, layer=0, h_row=34)
Warning: No concept for (50, 0, 34, 1)
Processing entry 484/700 (K=50, layer=0, h_row=34)
Warning: No concept for (50, 0, 34, -1)
Processing entry 485/700 (K=50, layer=0, h_row=34)
Warning: No concept for (50, 0, 34, 1)
Processing entry 486/700 (K=50, layer=0, h_row=34)
Warning: No concept for (50, 0, 34, -1)
Processing entry 487/700 (K=50, layer=0, h_row=34)
Warning: No concept for (50, 0, 34, 1)
Processing entry 488/700 (K=50, layer=0, h_row=34)
Warning: No concept for (50, 0, 34, -1)
Processing entry 489/700 (K=50, layer=0, h_row=34)
Warning: No concept for (50, 0, 34, 1)
Processing entry 490/700 (K=50, layer=0, h_row=34)
Warning: No concept for (50, 0, 34, -1)
Processing entry 491/700 (K=50, layer=0, h_row=35)
Warning: No concept for (50, 0, 35, 1)
Processing entry 492/700 (K=50, layer=0, h_row=35)
Warning: No concept for (50, 0, 35, -1)
Processing entry 493/700 (K=50, layer=0, h_row=35)
Warning: No concept for (50, 0, 35, 1)
Processing entry 494/700 (K=50, layer=0, h_row=35)
Warning: No concept for (50, 0, 35, -1)
Processing entry 495/700 (K=50, layer=0, h_row=35)
Warning: No concept for (50, 0, 35, 1)
Processing entry 496/700 (K=50, layer=0, h_row=35)
Warning: No concept for (50, 0, 35, -1)
Processing entry 497/700 (K=50, layer=0, h_row=35)
Warning: No concept for (50, 0, 35, 1)
Processing entry 498/700 (K=50, layer=0, h_row=35)
Warning: No concept for (50, 0, 35, -1)
Processing entry 499/700 (K=50, layer=0, h_row=35)
Warning: No concept for (50, 0, 35, 1)
Processing entry 500/700 (K=50, layer=0, h_row=35)
Warning: No concept for (50, 0, 35, -1)
Processing entry 501/700 (K=50, layer=0, h_row=35)
Warning: No concept for (50, 0, 35, 1)
Processing entry 502/700 (K=50, layer=0, h_row=35)
Warning: No concept for (50, 0, 35, -1)
Processing entry 503/700 (K=50, layer=0, h_row=35)
Warning: No concept for (50, 0, 35, 1)
Processing entry 504/700 (K=50, layer=0, h_row=35)
Warning: No concept for (50, 0, 35, -1)
Processing entry 505/700 (K=50, layer=0, h_row=36)
Warning: No concept for (50, 0, 36, 1)
Processing entry 506/700 (K=50, layer=0, h_row=36)
Warning: No concept for (50, 0, 36, -1)
Processing entry 507/700 (K=50, layer=0, h_row=36)
Warning: No concept for (50, 0, 36, 1)
Processing entry 508/700 (K=50, layer=0, h_row=36)
Warning: No concept for (50, 0, 36, -1)
Processing entry 509/700 (K=50, layer=0, h_row=36)
Warning: No concept for (50, 0, 36, 1)
Processing entry 510/700 (K=50, layer=0, h_row=36)
Warning: No concept for (50, 0, 36, -1)
Processing entry 511/700 (K=50, layer=0, h_row=36)
Warning: No concept for (50, 0, 36, 1)
Processing entry 512/700 (K=50, layer=0, h_row=36)
Warning: No concept for (50, 0, 36, -1)
Processing entry 513/700 (K=50, layer=0, h_row=36)
Warning: No concept for (50, 0, 36, 1)
Processing entry 514/700 (K=50, layer=0, h_row=36)
Warning: No concept for (50, 0, 36, -1)
Processing entry 515/700 (K=50, layer=0, h_row=36)
Warning: No concept for (50, 0, 36, 1)
Processing entry 516/700 (K=50, layer=0, h_row=36)
Warning: No concept for (50, 0, 36, -1)
Processing entry 517/700 (K=50, layer=0, h_row=36)
Warning: No concept for (50, 0, 36, 1)
Processing entry 518/700 (K=50, layer=0, h_row=36)
Warning: No concept for (50, 0, 36, -1)
Processing entry 519/700 (K=50, layer=0, h_row=37)
Warning: No concept for (50, 0, 37, 1)
Processing entry 520/700 (K=50, layer=0, h_row=37)
Warning: No concept for (50, 0, 37, -1)
Processing entry 521/700 (K=50, layer=0, h_row=37)
Warning: No concept for (50, 0, 37, 1)
Processing entry 522/700 (K=50, layer=0, h_row=37)
Warning: No concept for (50, 0, 37, -1)
Processing entry 523/700 (K=50, layer=0, h_row=37)
Warning: No concept for (50, 0, 37, 1)
Processing entry 524/700 (K=50, layer=0, h_row=37)
Warning: No concept for (50, 0, 37, -1)
Processing entry 525/700 (K=50, layer=0, h_row=37)
Warning: No concept for (50, 0, 37, 1)
Processing entry 526/700 (K=50, layer=0, h_row=37)
Warning: No concept for (50, 0, 37, -1)
Processing entry 527/700 (K=50, layer=0, h_row=37)
Warning: No concept for (50, 0, 37, 1)
Processing entry 528/700 (K=50, layer=0, h_row=37)
Warning: No concept for (50, 0, 37, -1)
Processing entry 529/700 (K=50, layer=0, h_row=37)
Warning: No concept for (50, 0, 37, 1)
Processing entry 530/700 (K=50, layer=0, h_row=37)
Warning: No concept for (50, 0, 37, -1)
Processing entry 531/700 (K=50, layer=0, h_row=37)
Warning: No concept for (50, 0, 37, 1)
Processing entry 532/700 (K=50, layer=0, h_row=37)
Warning: No concept for (50, 0, 37, -1)
Processing entry 533/700 (K=50, layer=0, h_row=38)
Warning: No concept for (50, 0, 38, 1)
Processing entry 534/700 (K=50, layer=0, h_row=38)
Warning: No concept for (50, 0, 38, -1)
Processing entry 535/700 (K=50, layer=0, h_row=38)
Warning: No concept for (50, 0, 38, 1)
Processing entry 536/700 (K=50, layer=0, h_row=38)
Warning: No concept for (50, 0, 38, -1)
Processing entry 537/700 (K=50, layer=0, h_row=38)
Warning: No concept for (50, 0, 38, 1)
Processing entry 538/700 (K=50, layer=0, h_row=38)
Warning: No concept for (50, 0, 38, -1)
Processing entry 539/700 (K=50, layer=0, h_row=38)
Warning: No concept for (50, 0, 38, 1)
Processing entry 540/700 (K=50, layer=0, h_row=38)
Warning: No concept for (50, 0, 38, -1)
Processing entry 541/700 (K=50, layer=0, h_row=38)
Warning: No concept for (50, 0, 38, 1)
Processing entry 542/700 (K=50, layer=0, h_row=38)
Warning: No concept for (50, 0, 38, -1)
Processing entry 543/700 (K=50, layer=0, h_row=38)
Warning: No concept for (50, 0, 38, 1)
Processing entry 544/700 (K=50, layer=0, h_row=38)
Warning: No concept for (50, 0, 38, -1)
Processing entry 545/700 (K=50, layer=0, h_row=38)
Warning: No concept for (50, 0, 38, 1)
Processing entry 546/700 (K=50, layer=0, h_row=38)
Warning: No concept for (50, 0, 38, -1)
Processing entry 547/700 (K=50, layer=0, h_row=39)
Warning: No concept for (50, 0, 39, 1)
Processing entry 548/700 (K=50, layer=0, h_row=39)
Warning: No concept for (50, 0, 39, -1)
Processing entry 549/700 (K=50, layer=0, h_row=39)
Warning: No concept for (50, 0, 39, 1)
Processing entry 550/700 (K=50, layer=0, h_row=39)
Warning: No concept for (50, 0, 39, -1)
Processing entry 551/700 (K=50, layer=0, h_row=39)
Warning: No concept for (50, 0, 39, 1)
Processing entry 552/700 (K=50, layer=0, h_row=39)
Warning: No concept for (50, 0, 39, -1)
Processing entry 553/700 (K=50, layer=0, h_row=39)
Warning: No concept for (50, 0, 39, 1)
Processing entry 554/700 (K=50, layer=0, h_row=39)
Warning: No concept for (50, 0, 39, -1)
Processing entry 555/700 (K=50, layer=0, h_row=39)
Warning: No concept for (50, 0, 39, 1)
Processing entry 556/700 (K=50, layer=0, h_row=39)
Warning: No concept for (50, 0, 39, -1)
Processing entry 557/700 (K=50, layer=0, h_row=39)
Warning: No concept for (50, 0, 39, 1)
Processing entry 558/700 (K=50, layer=0, h_row=39)
Warning: No concept for (50, 0, 39, -1)
Processing entry 559/700 (K=50, layer=0, h_row=39)
Warning: No concept for (50, 0, 39, 1)
Processing entry 560/700 (K=50, layer=0, h_row=39)
Warning: No concept for (50, 0, 39, -1)
Processing entry 561/700 (K=50, layer=0, h_row=40)
Warning: No concept for (50, 0, 40, 1)
Processing entry 562/700 (K=50, layer=0, h_row=40)
Warning: No concept for (50, 0, 40, -1)
Processing entry 563/700 (K=50, layer=0, h_row=40)
Warning: No concept for (50, 0, 40, 1)
Processing entry 564/700 (K=50, layer=0, h_row=40)
Warning: No concept for (50, 0, 40, -1)
Processing entry 565/700 (K=50, layer=0, h_row=40)
Warning: No concept for (50, 0, 40, 1)
Processing entry 566/700 (K=50, layer=0, h_row=40)
Warning: No concept for (50, 0, 40, -1)
Processing entry 567/700 (K=50, layer=0, h_row=40)
Warning: No concept for (50, 0, 40, 1)
Processing entry 568/700 (K=50, layer=0, h_row=40)
Warning: No concept for (50, 0, 40, -1)
Processing entry 569/700 (K=50, layer=0, h_row=40)
Warning: No concept for (50, 0, 40, 1)
Processing entry 570/700 (K=50, layer=0, h_row=40)
Warning: No concept for (50, 0, 40, -1)
Processing entry 571/700 (K=50, layer=0, h_row=40)
Warning: No concept for (50, 0, 40, 1)
Processing entry 572/700 (K=50, layer=0, h_row=40)
Warning: No concept for (50, 0, 40, -1)
Processing entry 573/700 (K=50, layer=0, h_row=40)
Warning: No concept for (50, 0, 40, 1)
Processing entry 574/700 (K=50, layer=0, h_row=40)
Warning: No concept for (50, 0, 40, -1)
Processing entry 575/700 (K=50, layer=0, h_row=41)
Warning: No concept for (50, 0, 41, 1)
Processing entry 576/700 (K=50, layer=0, h_row=41)
Warning: No concept for (50, 0, 41, -1)
Processing entry 577/700 (K=50, layer=0, h_row=41)
Warning: No concept for (50, 0, 41, 1)
Processing entry 578/700 (K=50, layer=0, h_row=41)
Warning: No concept for (50, 0, 41, -1)
Processing entry 579/700 (K=50, layer=0, h_row=41)
Warning: No concept for (50, 0, 41, 1)
Processing entry 580/700 (K=50, layer=0, h_row=41)
Warning: No concept for (50, 0, 41, -1)
Processing entry 581/700 (K=50, layer=0, h_row=41)
Warning: No concept for (50, 0, 41, 1)
Processing entry 582/700 (K=50, layer=0, h_row=41)
Warning: No concept for (50, 0, 41, -1)
Processing entry 583/700 (K=50, layer=0, h_row=41)
Warning: No concept for (50, 0, 41, 1)
Processing entry 584/700 (K=50, layer=0, h_row=41)
Warning: No concept for (50, 0, 41, -1)
Processing entry 585/700 (K=50, layer=0, h_row=41)
Warning: No concept for (50, 0, 41, 1)
Processing entry 586/700 (K=50, layer=0, h_row=41)
Warning: No concept for (50, 0, 41, -1)
Processing entry 587/700 (K=50, layer=0, h_row=41)
Warning: No concept for (50, 0, 41, 1)
Processing entry 588/700 (K=50, layer=0, h_row=41)
Warning: No concept for (50, 0, 41, -1)
Processing entry 589/700 (K=50, layer=0, h_row=42)
Warning: No concept for (50, 0, 42, 1)
Processing entry 590/700 (K=50, layer=0, h_row=42)
Warning: No concept for (50, 0, 42, -1)
Processing entry 591/700 (K=50, layer=0, h_row=42)
Warning: No concept for (50, 0, 42, 1)
Processing entry 592/700 (K=50, layer=0, h_row=42)
Warning: No concept for (50, 0, 42, -1)
Processing entry 593/700 (K=50, layer=0, h_row=42)
Warning: No concept for (50, 0, 42, 1)
Processing entry 594/700 (K=50, layer=0, h_row=42)
Warning: No concept for (50, 0, 42, -1)
Processing entry 595/700 (K=50, layer=0, h_row=42)
Warning: No concept for (50, 0, 42, 1)
Processing entry 596/700 (K=50, layer=0, h_row=42)
Warning: No concept for (50, 0, 42, -1)
Processing entry 597/700 (K=50, layer=0, h_row=42)
Warning: No concept for (50, 0, 42, 1)
Processing entry 598/700 (K=50, layer=0, h_row=42)
Warning: No concept for (50, 0, 42, -1)
Processing entry 599/700 (K=50, layer=0, h_row=42)
Warning: No concept for (50, 0, 42, 1)
Processing entry 600/700 (K=50, layer=0, h_row=42)
Warning: No concept for (50, 0, 42, -1)
Processing entry 601/700 (K=50, layer=0, h_row=42)
Warning: No concept for (50, 0, 42, 1)
Processing entry 602/700 (K=50, layer=0, h_row=42)
Warning: No concept for (50, 0, 42, -1)
Processing entry 603/700 (K=50, layer=0, h_row=43)
Warning: No concept for (50, 0, 43, 1)
Processing entry 604/700 (K=50, layer=0, h_row=43)
Warning: No concept for (50, 0, 43, -1)
Processing entry 605/700 (K=50, layer=0, h_row=43)
Warning: No concept for (50, 0, 43, 1)
Processing entry 606/700 (K=50, layer=0, h_row=43)
Warning: No concept for (50, 0, 43, -1)
Processing entry 607/700 (K=50, layer=0, h_row=43)
Warning: No concept for (50, 0, 43, 1)
Processing entry 608/700 (K=50, layer=0, h_row=43)
Warning: No concept for (50, 0, 43, -1)
Processing entry 609/700 (K=50, layer=0, h_row=43)
Warning: No concept for (50, 0, 43, 1)
Processing entry 610/700 (K=50, layer=0, h_row=43)
Warning: No concept for (50, 0, 43, -1)
Processing entry 611/700 (K=50, layer=0, h_row=43)
Warning: No concept for (50, 0, 43, 1)
Processing entry 612/700 (K=50, layer=0, h_row=43)
Warning: No concept for (50, 0, 43, -1)
Processing entry 613/700 (K=50, layer=0, h_row=43)
Warning: No concept for (50, 0, 43, 1)
Processing entry 614/700 (K=50, layer=0, h_row=43)
Warning: No concept for (50, 0, 43, -1)
Processing entry 615/700 (K=50, layer=0, h_row=43)
Warning: No concept for (50, 0, 43, 1)
Processing entry 616/700 (K=50, layer=0, h_row=43)
Warning: No concept for (50, 0, 43, -1)
Processing entry 617/700 (K=50, layer=0, h_row=44)
Warning: No concept for (50, 0, 44, 1)
Processing entry 618/700 (K=50, layer=0, h_row=44)
Warning: No concept for (50, 0, 44, -1)
Processing entry 619/700 (K=50, layer=0, h_row=44)
Warning: No concept for (50, 0, 44, 1)
Processing entry 620/700 (K=50, layer=0, h_row=44)
Warning: No concept for (50, 0, 44, -1)
Processing entry 621/700 (K=50, layer=0, h_row=44)
Warning: No concept for (50, 0, 44, 1)
Processing entry 622/700 (K=50, layer=0, h_row=44)
Warning: No concept for (50, 0, 44, -1)
Processing entry 623/700 (K=50, layer=0, h_row=44)
Warning: No concept for (50, 0, 44, 1)
Processing entry 624/700 (K=50, layer=0, h_row=44)
Warning: No concept for (50, 0, 44, -1)
Processing entry 625/700 (K=50, layer=0, h_row=44)
Warning: No concept for (50, 0, 44, 1)
Processing entry 626/700 (K=50, layer=0, h_row=44)
Warning: No concept for (50, 0, 44, -1)
Processing entry 627/700 (K=50, layer=0, h_row=44)
Warning: No concept for (50, 0, 44, 1)
Processing entry 628/700 (K=50, layer=0, h_row=44)
Warning: No concept for (50, 0, 44, -1)
Processing entry 629/700 (K=50, layer=0, h_row=44)
Warning: No concept for (50, 0, 44, 1)
Processing entry 630/700 (K=50, layer=0, h_row=44)
Warning: No concept for (50, 0, 44, -1)
Processing entry 631/700 (K=50, layer=0, h_row=45)
Warning: No concept for (50, 0, 45, 1)
Processing entry 632/700 (K=50, layer=0, h_row=45)
Warning: No concept for (50, 0, 45, -1)
Processing entry 633/700 (K=50, layer=0, h_row=45)
Warning: No concept for (50, 0, 45, 1)
Processing entry 634/700 (K=50, layer=0, h_row=45)
Warning: No concept for (50, 0, 45, -1)
Processing entry 635/700 (K=50, layer=0, h_row=45)
Warning: No concept for (50, 0, 45, 1)
Processing entry 636/700 (K=50, layer=0, h_row=45)
Warning: No concept for (50, 0, 45, -1)
Processing entry 637/700 (K=50, layer=0, h_row=45)
Warning: No concept for (50, 0, 45, 1)
Processing entry 638/700 (K=50, layer=0, h_row=45)
Warning: No concept for (50, 0, 45, -1)
Processing entry 639/700 (K=50, layer=0, h_row=45)
Warning: No concept for (50, 0, 45, 1)
Processing entry 640/700 (K=50, layer=0, h_row=45)
Warning: No concept for (50, 0, 45, -1)
Processing entry 641/700 (K=50, layer=0, h_row=45)
Warning: No concept for (50, 0, 45, 1)
Processing entry 642/700 (K=50, layer=0, h_row=45)
Warning: No concept for (50, 0, 45, -1)
Processing entry 643/700 (K=50, layer=0, h_row=45)
Warning: No concept for (50, 0, 45, 1)
Processing entry 644/700 (K=50, layer=0, h_row=45)
Warning: No concept for (50, 0, 45, -1)
Processing entry 645/700 (K=50, layer=0, h_row=46)
Warning: No concept for (50, 0, 46, 1)
Processing entry 646/700 (K=50, layer=0, h_row=46)
Warning: No concept for (50, 0, 46, -1)
Processing entry 647/700 (K=50, layer=0, h_row=46)
Warning: No concept for (50, 0, 46, 1)
Processing entry 648/700 (K=50, layer=0, h_row=46)
Warning: No concept for (50, 0, 46, -1)
Processing entry 649/700 (K=50, layer=0, h_row=46)
Warning: No concept for (50, 0, 46, 1)
Processing entry 650/700 (K=50, layer=0, h_row=46)
Warning: No concept for (50, 0, 46, -1)
Processing entry 651/700 (K=50, layer=0, h_row=46)
Warning: No concept for (50, 0, 46, 1)
Processing entry 652/700 (K=50, layer=0, h_row=46)
Warning: No concept for (50, 0, 46, -1)
Processing entry 653/700 (K=50, layer=0, h_row=46)
Warning: No concept for (50, 0, 46, 1)
Processing entry 654/700 (K=50, layer=0, h_row=46)
Warning: No concept for (50, 0, 46, -1)
Processing entry 655/700 (K=50, layer=0, h_row=46)
Warning: No concept for (50, 0, 46, 1)
Processing entry 656/700 (K=50, layer=0, h_row=46)
Warning: No concept for (50, 0, 46, -1)
Processing entry 657/700 (K=50, layer=0, h_row=46)
Warning: No concept for (50, 0, 46, 1)
Processing entry 658/700 (K=50, layer=0, h_row=46)
Warning: No concept for (50, 0, 46, -1)
Processing entry 659/700 (K=50, layer=0, h_row=47)
Warning: No concept for (50, 0, 47, 1)
Processing entry 660/700 (K=50, layer=0, h_row=47)
Warning: No concept for (50, 0, 47, -1)
Processing entry 661/700 (K=50, layer=0, h_row=47)
Warning: No concept for (50, 0, 47, 1)
Processing entry 662/700 (K=50, layer=0, h_row=47)
Warning: No concept for (50, 0, 47, -1)
Processing entry 663/700 (K=50, layer=0, h_row=47)
Warning: No concept for (50, 0, 47, 1)
Processing entry 664/700 (K=50, layer=0, h_row=47)
Warning: No concept for (50, 0, 47, -1)
Processing entry 665/700 (K=50, layer=0, h_row=47)
Warning: No concept for (50, 0, 47, 1)
Processing entry 666/700 (K=50, layer=0, h_row=47)
Warning: No concept for (50, 0, 47, -1)
Processing entry 667/700 (K=50, layer=0, h_row=47)
Warning: No concept for (50, 0, 47, 1)
Processing entry 668/700 (K=50, layer=0, h_row=47)
Warning: No concept for (50, 0, 47, -1)
Processing entry 669/700 (K=50, layer=0, h_row=47)
Warning: No concept for (50, 0, 47, 1)
Processing entry 670/700 (K=50, layer=0, h_row=47)
Warning: No concept for (50, 0, 47, -1)
Processing entry 671/700 (K=50, layer=0, h_row=47)
Warning: No concept for (50, 0, 47, 1)
Processing entry 672/700 (K=50, layer=0, h_row=47)
Warning: No concept for (50, 0, 47, -1)
Processing entry 673/700 (K=50, layer=0, h_row=48)
Warning: No concept for (50, 0, 48, 1)
Processing entry 674/700 (K=50, layer=0, h_row=48)
Warning: No concept for (50, 0, 48, -1)
Processing entry 675/700 (K=50, layer=0, h_row=48)
Warning: No concept for (50, 0, 48, 1)
Processing entry 676/700 (K=50, layer=0, h_row=48)
Warning: No concept for (50, 0, 48, -1)
Processing entry 677/700 (K=50, layer=0, h_row=48)
Warning: No concept for (50, 0, 48, 1)
Processing entry 678/700 (K=50, layer=0, h_row=48)
Warning: No concept for (50, 0, 48, -1)
Processing entry 679/700 (K=50, layer=0, h_row=48)
Warning: No concept for (50, 0, 48, 1)
Processing entry 680/700 (K=50, layer=0, h_row=48)
Warning: No concept for (50, 0, 48, -1)
Processing entry 681/700 (K=50, layer=0, h_row=48)
Warning: No concept for (50, 0, 48, 1)
Processing entry 682/700 (K=50, layer=0, h_row=48)
Warning: No concept for (50, 0, 48, -1)
Processing entry 683/700 (K=50, layer=0, h_row=48)
Warning: No concept for (50, 0, 48, 1)
Processing entry 684/700 (K=50, layer=0, h_row=48)
Warning: No concept for (50, 0, 48, -1)
Processing entry 685/700 (K=50, layer=0, h_row=48)
Warning: No concept for (50, 0, 48, 1)
Processing entry 686/700 (K=50, layer=0, h_row=48)
Warning: No concept for (50, 0, 48, -1)
Processing entry 687/700 (K=50, layer=0, h_row=49)
Warning: No concept for (50, 0, 49, 1)
Processing entry 688/700 (K=50, layer=0, h_row=49)
Warning: No concept for (50, 0, 49, -1)
Processing entry 689/700 (K=50, layer=0, h_row=49)
Warning: No concept for (50, 0, 49, 1)
Processing entry 690/700 (K=50, layer=0, h_row=49)
Warning: No concept for (50, 0, 49, -1)
Processing entry 691/700 (K=50, layer=0, h_row=49)
Warning: No concept for (50, 0, 49, 1)
Processing entry 692/700 (K=50, layer=0, h_row=49)
Warning: No concept for (50, 0, 49, -1)
Processing entry 693/700 (K=50, layer=0, h_row=49)
Warning: No concept for (50, 0, 49, 1)
Processing entry 694/700 (K=50, layer=0, h_row=49)
Warning: No concept for (50, 0, 49, -1)
Processing entry 695/700 (K=50, layer=0, h_row=49)
Warning: No concept for (50, 0, 49, 1)
Processing entry 696/700 (K=50, layer=0, h_row=49)
Warning: No concept for (50, 0, 49, -1)
Processing entry 697/700 (K=50, layer=0, h_row=49)
Warning: No concept for (50, 0, 49, 1)
Processing entry 698/700 (K=50, layer=0, h_row=49)
Warning: No concept for (50, 0, 49, -1)
Processing entry 699/700 (K=50, layer=0, h_row=49)
Warning: No concept for (50, 0, 49, 1)
Processing entry 700/700 (K=50, layer=0, h_row=49)
Warning: No concept for (50, 0, 49, -1)
Done. Saved results to experiments/results/results_causal_out.json
